2014-08-21 15:13:12.334;M1_G0_R0;R0;M1_G0_R0_0;M#0;OK;2001;2837;;outgoingData
<?xml version="1.0" encoding="UTF-8" standalone="no"?>
<RequestData datestamp="2014-08-21 15:13:09.915">
    <AVP code="260" code-name="Vendor-Specific-Application-Id" mandatory="true" protected="false" value="" vendor-id="0">
        <AVP code="258" code-name="Auth-Application-Id" mandatory="true" protected="false" value="16777232" value-name="null" vendor-id="0"/>
        <AVP code="266" code-name="Vendor-Id" mandatory="true" protected="false" value="193" value-name="null" vendor-id="0"/>
    </AVP>
    <AVP code="264" code-name="Origin-Host" mandatory="true" protected="false" value="0x414952312e6572696373736f6e2e6965" value-name="null" vendor-id="0"/>
    <AVP code="263" code-name="Session-Id" mandatory="true" protected="false" value="ffs-1408633989-8270" value-name="null" vendor-id="0"/>
    <AVP code="296" code-name="Origin-Realm" mandatory="true" protected="false" value="0x41495231" value-name="null" vendor-id="0"/>
    <AVP code="283" code-name="Destination-Realm" mandatory="true" protected="false" value="0x6f6363736470312e6572696373736f6e2e6965" value-name="null" vendor-id="0"/>
    <AVP code="415" code-name="CC-Request-Number" mandatory="true" protected="false" value="0" value-name="null" vendor-id="0"/>
    <AVP code="416" code-name="CC-Request-Type" mandatory="true" protected="false" value="1" value-name="null" vendor-id="0"/>
    <AVP code="456" code-name="Multiple-Services-Credit-Control" mandatory="true" protected="false" value="" vendor-id="0">
        <AVP code="437" code-name="Requested-Service-Unit" mandatory="true" protected="false" value="" vendor-id="0">
            <AVP code="417" code-name="CC-Service-Specific-Units" mandatory="true" protected="false" value="1" value-name="null" vendor-id="0"/>
        </AVP>
        <AVP code="439" code-name="Service-Identifier" mandatory="true" protected="false" value="1000" value-name="null" vendor-id="0"/>
        <AVP code="1068" code-name="Service-Session-Id" mandatory="true" protected="false" value="-:6:1" value-name="null" vendor-id="193"/>
    </AVP>
    <AVP code="443" code-name="Subscription-Id" mandatory="true" protected="false" value="" vendor-id="0">
        <AVP code="444" code-name="Subscription-Id-Data" mandatory="true" protected="false" value="353850101129" value-name="null" vendor-id="0"/>
        <AVP code="450" code-name="Subscription-Id-Type" mandatory="true" protected="false" value="0" value-name="null" vendor-id="0"/>
    </AVP>
    <AVP code="461" code-name="Service-Context-Id" mandatory="true" protected="false" value="SCAP_V.2.0@ericsson.com" value-name="null" vendor-id="0"/>
    <AVP code="1063" code-name="Access-Information" mandatory="true" protected="false" value="" vendor-id="193">
        <AVP code="55" code-name="Event-Timestamp" mandatory="true" protected="false" value="UTF: 2014-08-21 16:13:09" value-name="null" vendor-id="0"/>
    </AVP>
    <AVP code="1065" code-name="Charging-Context-Id" mandatory="true" protected="false" value="SCAP_V.2.0@ericsson.com" value-name="null" vendor-id="193"/>
    <AVP code="1074" code-name="UNKNOWN AVP" mandatory="true" protected="false" value="[]" vendor-id="193"/>
    <AVP code="1075" code-name="Other-Party-Id" mandatory="true" protected="false" value="" vendor-id="193">
        <AVP code="1076" code-name="Other-Party-Id-Nature" mandatory="true" protected="false" value="0" value-name="null" vendor-id="193"/>
        <AVP code="1077" code-name="Other-Party-Id-Data" mandatory="true" protected="false" value="47000000" value-name="null" vendor-id="193"/>
        <AVP code="1078" code-name="Other-Party-Id-Type" mandatory="true" protected="false" value="0" value-name="null" vendor-id="193"/>
    </AVP>
    <AVP code="1083" code-name="CIP-IP-Version" mandatory="true" protected="false" value="R1A" value-name="null" vendor-id="193"/>
    <AVP code="23" code-name="3GPP-MS-TimeZone" mandatory="true" protected="false" value="0x4001" value-name="null" vendor-id="10415"/>
    <AVP code="55" code-name="Event-Timestamp" mandatory="true" protected="false" value="UTF: 2014-08-21 16:13:09" value-name="null" vendor-id="0"/>
</RequestData>

2014-08-21 15:13:12.335;M1_G0_R0;R0;M1_G0_R0_0;M#0;incommingData
<?xml version="1.0" encoding="UTF-8" standalone="no"?>
<ResponseData datestamp="2014-08-21 15:13:12.314">
    <AVP code="263" code-name="Session-Id" mandatory="true" protected="false" value="ffs-1408633989-8270" value-name="null" vendor-id="0"/>
    <AVP code="268" code-name="Result-Code" mandatory="true" protected="false" value="2001" value-name="null" vendor-id="0"/>
    <AVP code="264" code-name="Origin-Host" mandatory="true" protected="false" value="0x6f636373647031612e6572696373736f6e2e6965" value-name="null" vendor-id="0"/>
    <AVP code="296" code-name="Origin-Realm" mandatory="true" protected="false" value="0x6f6363736470312e6572696373736f6e2e6965" value-name="null" vendor-id="0"/>
    <AVP code="260" code-name="Vendor-Specific-Application-Id" mandatory="true" protected="false" value="" vendor-id="0">
        <AVP code="258" code-name="Auth-Application-Id" mandatory="true" protected="false" value="16777232" value-name="null" vendor-id="0"/>
        <AVP code="266" code-name="Vendor-Id" mandatory="true" protected="false" value="193" value-name="null" vendor-id="0"/>
    </AVP>
    <AVP code="415" code-name="CC-Request-Number" mandatory="true" protected="false" value="0" value-name="null" vendor-id="0"/>
    <AVP code="416" code-name="CC-Request-Type" mandatory="true" protected="false" value="1" value-name="null" vendor-id="0"/>
    <AVP code="55" code-name="Event-Timestamp" mandatory="true" protected="false" value="UTF: 2014-08-21 16:13:09" value-name="null" vendor-id="0"/>
    <AVP code="456" code-name="Multiple-Services-Credit-Control" mandatory="true" protected="false" value="" vendor-id="0">
        <AVP code="1068" code-name="Service-Session-Id" mandatory="true" protected="false" value="-:6:1" value-name="null" vendor-id="193"/>
        <AVP code="268" code-name="Result-Code" mandatory="true" protected="false" value="5031" value-name="null" vendor-id="0"/>
        <AVP code="1067" code-name="Result-Code-Extension" mandatory="true" protected="false" value="1" value-name="null" vendor-id="193"/>
        <AVP code="279" code-name="Failed-AVP" mandatory="true" protected="false" value="" vendor-id="0">
            <AVP code="439" code-name="Service-Identifier" mandatory="true" protected="false" value="1000" value-name="null" vendor-id="0"/>
        </AVP>
    </AVP>
</ResponseData>

2014-08-21 15:13:13.935;M1_G0_R1;R1;M1_G0_R1_1;M#0;OK;2001;557;;outgoingData
<?xml version="1.0" encoding="UTF-8" standalone="no"?>
<RequestData datestamp="2014-08-21 15:13:13.464">
    <AVP code="260" code-name="Vendor-Specific-Application-Id" mandatory="true" protected="false" value="" vendor-id="0">
        <AVP code="258" code-name="Auth-Application-Id" mandatory="true" protected="false" value="16777232" value-name="null" vendor-id="0"/>
        <AVP code="266" code-name="Vendor-Id" mandatory="true" protected="false" value="193" value-name="null" vendor-id="0"/>
    </AVP>
    <AVP code="264" code-name="Origin-Host" mandatory="true" protected="false" value="0x414952312e6572696373736f6e2e6965" value-name="null" vendor-id="0"/>
    <AVP code="263" code-name="Session-Id" mandatory="true" protected="false" value="ffs-1408633989-8270" value-name="null" vendor-id="0"/>
    <AVP code="296" code-name="Origin-Realm" mandatory="true" protected="false" value="0x41495231" value-name="null" vendor-id="0"/>
    <AVP code="283" code-name="Destination-Realm" mandatory="true" protected="false" value="0x6f6363736470312e6572696373736f6e2e6965" value-name="null" vendor-id="0"/>
    <AVP code="415" code-name="CC-Request-Number" mandatory="true" protected="false" value="0" value-name="null" vendor-id="0"/>
    <AVP code="416" code-name="CC-Request-Type" mandatory="true" protected="false" value="3" value-name="null" vendor-id="0"/>
    <AVP code="456" code-name="Multiple-Services-Credit-Control" mandatory="true" protected="false" value="" vendor-id="0">
        <AVP code="446" code-name="Used-Service-Unit" mandatory="true" protected="false" value="" vendor-id="0">
            <AVP code="417" code-name="CC-Service-Specific-Units" mandatory="true" protected="false" value="1" value-name="null" vendor-id="0"/>
        </AVP>
        <AVP code="439" code-name="Service-Identifier" mandatory="true" protected="false" value="1000" value-name="null" vendor-id="0"/>
        <AVP code="1068" code-name="Service-Session-Id" mandatory="true" protected="false" value="-:6:1" value-name="null" vendor-id="193"/>
    </AVP>
    <AVP code="443" code-name="Subscription-Id" mandatory="true" protected="false" value="" vendor-id="0">
        <AVP code="444" code-name="Subscription-Id-Data" mandatory="true" protected="false" value="353850101129" value-name="null" vendor-id="0"/>
        <AVP code="450" code-name="Subscription-Id-Type" mandatory="true" protected="false" value="0" value-name="null" vendor-id="0"/>
    </AVP>
    <AVP code="461" code-name="Service-Context-Id" mandatory="true" protected="false" value="SCAP_V.2.0@ericsson.com" value-name="null" vendor-id="0"/>
    <AVP code="1063" code-name="Access-Information" mandatory="true" protected="false" value="" vendor-id="193">
        <AVP code="55" code-name="Event-Timestamp" mandatory="true" protected="false" value="UTF: 2014-08-21 16:13:13" value-name="null" vendor-id="0"/>
    </AVP>
    <AVP code="1065" code-name="Charging-Context-Id" mandatory="true" protected="false" value="SCAP_V.2.0@ericsson.com" value-name="null" vendor-id="193"/>
    <AVP code="1074" code-name="UNKNOWN AVP" mandatory="true" protected="false" value="[]" vendor-id="193"/>
    <AVP code="1075" code-name="Other-Party-Id" mandatory="true" protected="false" value="" vendor-id="193">
        <AVP code="1076" code-name="Other-Party-Id-Nature" mandatory="true" protected="false" value="0" value-name="null" vendor-id="193"/>
        <AVP code="1077" code-name="Other-Party-Id-Data" mandatory="true" protected="false" value="47000000" value-name="null" vendor-id="193"/>
        <AVP code="1078" code-name="Other-Party-Id-Type" mandatory="true" protected="false" value="0" value-name="null" vendor-id="193"/>
    </AVP>
    <AVP code="1083" code-name="CIP-IP-Version" mandatory="true" protected="false" value="R1A" value-name="null" vendor-id="193"/>
    <AVP code="23" code-name="3GPP-MS-TimeZone" mandatory="true" protected="false" value="0x4001" value-name="null" vendor-id="10415"/>
    <AVP code="55" code-name="Event-Timestamp" mandatory="true" protected="false" value="UTF: 2014-08-21 16:13:13" value-name="null" vendor-id="0"/>
</RequestData>

2014-08-21 15:13:13.936;M1_G0_R1;R1;M1_G0_R1_1;M#0;incommingData
<?xml version="1.0" encoding="UTF-8" standalone="no"?>
<ResponseData datestamp="2014-08-21 15:13:13.919">
    <AVP code="263" code-name="Session-Id" mandatory="true" protected="false" value="ffs-1408633989-8270" value-name="null" vendor-id="0"/>
    <AVP code="268" code-name="Result-Code" mandatory="true" protected="false" value="2001" value-name="null" vendor-id="0"/>
    <AVP code="264" code-name="Origin-Host" mandatory="true" protected="false" value="0x6f636373647031612e6572696373736f6e2e6965" value-name="null" vendor-id="0"/>
    <AVP code="296" code-name="Origin-Realm" mandatory="true" protected="false" value="0x6f6363736470312e6572696373736f6e2e6965" value-name="null" vendor-id="0"/>
    <AVP code="260" code-name="Vendor-Specific-Application-Id" mandatory="true" protected="false" value="" vendor-id="0">
        <AVP code="258" code-name="Auth-Application-Id" mandatory="true" protected="false" value="16777232" value-name="null" vendor-id="0"/>
        <AVP code="266" code-name="Vendor-Id" mandatory="true" protected="false" value="193" value-name="null" vendor-id="0"/>
    </AVP>
    <AVP code="415" code-name="CC-Request-Number" mandatory="true" protected="false" value="0" value-name="null" vendor-id="0"/>
    <AVP code="416" code-name="CC-Request-Type" mandatory="true" protected="false" value="3" value-name="null" vendor-id="0"/>
    <AVP code="55" code-name="Event-Timestamp" mandatory="true" protected="false" value="UTF: 2014-08-21 16:13:13" value-name="null" vendor-id="0"/>
    <AVP code="456" code-name="Multiple-Services-Credit-Control" mandatory="true" protected="false" value="" vendor-id="0">
        <AVP code="1068" code-name="Service-Session-Id" mandatory="true" protected="false" value="-:6:1" value-name="null" vendor-id="193"/>
        <AVP code="268" code-name="Result-Code" mandatory="true" protected="false" value="5031" value-name="null" vendor-id="0"/>
        <AVP code="1067" code-name="Result-Code-Extension" mandatory="true" protected="false" value="1" value-name="null" vendor-id="193"/>
        <AVP code="279" code-name="Failed-AVP" mandatory="true" protected="false" value="" vendor-id="0">
            <AVP code="439" code-name="Service-Identifier" mandatory="true" protected="false" value="1000" value-name="null" vendor-id="0"/>
        </AVP>
    </AVP>
</ResponseData>

