-override A-Number=353850101129 ownIP=AIR1.ericsson.ie ownRealm=AIR1 ownPort=8732 destIP=occsdp1a.ericsson.ie destRealm=occsdp1.ericsson.ie destPort=3869
Framework For Simulators (v3.0.356)
Copyright 2005-2011 Ericsson AB, http://www.ericsson.com

Creating manager
Setting thread pool to: 8
Setting task queue to: 64
Checking configuration file '/var/opt/ffs/usecases/data/cipip_data.xml'...(v3.0.356)
Loading configuration file...
Loading REPOSITORY...
REPOSITORY loaded!
Loading MODELS...
MODELS Loaded!
Loading TRAFFIC MODELS...
TRAFFIC MODELS Loaded!
Loading PLUG-IN...
Creating default plugin. (cmg.tools.ffs.plugins.diameter.Diameter)
PLUG-IN loaded and initialized!
Configuration file loaded!
Executing...
Initializing default plugin.
> cmg.tools.ffs.plugins.diameter.Diameter > Loading dictionary file: config/diameter/dictionary.xml
> cmg.tools.ffs.plugins.diameter.Diameter > Can not parse argument 'answerResultCode' using: 2002
> cmg.tools.ffs.plugins.diameter.Diameter > Parameter : tcTimer not found in configuration or is not a number. Leaving unset.
> cmg.tools.ffs.plugins.diameter.Diameter > Parameter : requestTimeout not found in configuration or is not a number. Leaving unset.
> cmg.tools.ffs.plugins.diameter.Diameter > NOTE : If the timeout value in the request definitions are smaller than the DefaultMessageTimeout value, 
       the FFS will time-out requests that may or may not be received by the stack later.
       Another undesireable result of this may be that the FFS tries to send a new request in
       the same session which will cause a session-aware receiver to reply with Session Busy.
> cmg.tools.ffs.plugins.diameter.Diameter > Parameter : TITimer (Timeout for request) not found in config or is not a number. Defaulting it to 45 seconds.
> cmg.tools.ffs.plugins.diameter.Diameter > Starting the stack...
> cmg.tools.ffs.plugins.diameter.Diameter > The stack started successfully!
> cmg.tools.ffs.plugins.diameter.Diameter > No secondary peer defined.
> cmg.tools.ffs.plugins.diameter.Diameter > Waiting for CEA from primary peer... 15000 ms.
> cmg.tools.ffs.plugins.diameter.Diameter > Primary peer added: aaa://occsdp1a.ericsson.ie:3869;transport=sctp isStatic=true
> cmg.tools.ffs.plugins.diameter.Diameter > Primary peer connected: aaa://occsdp1a.ericsson.ie:3869;transport=sctp
*** Slot changing to: SLOT #1
Aug 20, 2014 5:00:45 PM cmg.tools.ffs.engine.result.ResultManager logSummary
INFO: 
---------------------------------------
Time running:  00:00:00.18
Done in (~):   --:--:--.---
Requests sent: 0/0        (0 %) (planned 0)
TPS (SLS):     0.00/0     (0 %)
TPS (O):       0.00
Task pool q:   0
Outgoing Qs:   
In analyz q:   0

*** Response codes ***
OK:            0          (0 %)
Failed:        0          (0 %)
Exception:     0          (0 %)
Timeout:       0          (0 %)
Other:         0          (0 %)
None:          0          (0 %)

*** Response times (SLS) ***
min:           0 ms
max:           0 ms
average:       0 ms (last 1000)

Exception in thread "SenderEngine" java.lang.Error: Maximum permit count exceeded
	at java.util.concurrent.Semaphore$Sync.tryReleaseShared(Semaphore.java:197)
	at java.util.concurrent.locks.AbstractQueuedSynchronizer.releaseShared(AbstractQueuedSynchronizer.java:1340)
	at java.util.concurrent.Semaphore.release(Semaphore.java:431)
	at cmg.tools.ffs.engine.model.OutgoingQueueManager.workerIsDone(Unknown Source)
	at cmg.tools.ffs.engine.model.OutgoingQueueManager.access$200(Unknown Source)
	at cmg.tools.ffs.engine.model.OutgoingQueueManager$QueueWorker.createModelInfo(Unknown Source)
	at cmg.tools.ffs.engine.model.OutgoingQueueManager.createWorker(Unknown Source)
	at cmg.tools.ffs.engine.model.OutgoingQueueManager.syncCreateWorker(Unknown Source)
	at cmg.tools.ffs.engine.model.OutgoingQueueManager.getFromQueue(Unknown Source)
	at cmg.tools.ffs.engine.model.ModelHandler.getItemToExecute(Unknown Source)
	at cmg.tools.ffs.engine.sender.SenderEngine.run(Unknown Source)
	at java.lang.Thread.run(Thread.java:722)
Aug 20, 2014 5:00:47 PM cmg.tools.ffs.engine.result.ResultManager logSummary
INFO: 
---------------------------------------
Time running:  00:00:02.40
Done in (~):   --:--:--.---
Requests sent: 0/1        (0 %) (planned 4)
TPS (SLS):     0.00/0     (0 %)
TPS (O):       0.00
Task pool q:   0
Outgoing Qs:   (100) M1(1:0), 
In analyz q:   0

*** Response codes ***
OK:            0          (0 %)
Failed:        0          (0 %)
Exception:     0          (0 %)
Timeout:       0          (0 %)
Other:         0          (0 %)
None:          0          (0 %)

*** Response times (SLS) ***
min:           0 ms
max:           0 ms
average:       0 ms (last 1000)

Aug 20, 2014 5:00:49 PM cmg.tools.ffs.engine.result.ResultManager logSummary
INFO: 
---------------------------------------
Time running:  00:00:04.49
Done in (~):   --:--:--.---
Requests sent: 0/1        (0 %) (planned 4)
TPS (SLS):     0.00/0     (0 %)
TPS (O):       0.00
Task pool q:   0
Outgoing Qs:   (100) M1(1:0), 
In analyz q:   0

*** Response codes ***
OK:            0          (0 %)
Failed:        0          (0 %)
Exception:     0          (0 %)
Timeout:       0          (0 %)
Other:         0          (0 %)
None:          0          (0 %)

*** Response times (SLS) ***
min:           0 ms
max:           0 ms
average:       0 ms (last 1000)

Aug 20, 2014 5:00:51 PM cmg.tools.ffs.engine.result.ResultManager logSummary
INFO: 
---------------------------------------
Time running:  00:00:06.58
Done in (~):   --:--:--.---
Requests sent: 0/1        (0 %) (planned 4)
TPS (SLS):     0.00/0     (0 %)
TPS (O):       0.00
Task pool q:   0
Outgoing Qs:   (100) M1(1:0), 
In analyz q:   0

*** Response codes ***
OK:            0          (0 %)
Failed:        0          (0 %)
Exception:     0          (0 %)
Timeout:       0          (0 %)
Other:         0          (0 %)
None:          0          (0 %)

*** Response times (SLS) ***
min:           0 ms
max:           0 ms
average:       0 ms (last 1000)

Aug 20, 2014 5:00:53 PM cmg.tools.ffs.engine.result.ResultManager logSummary
INFO: 
---------------------------------------
Time running:  00:00:08.64
Done in (~):   --:--:--.---
Requests sent: 0/1        (0 %) (planned 4)
TPS (SLS):     0.00/0     (0 %)
TPS (O):       0.00
Task pool q:   0
Outgoing Qs:   (100) M1(1:0), 
In analyz q:   0

*** Response codes ***
OK:            0          (0 %)
Failed:        0          (0 %)
Exception:     0          (0 %)
Timeout:       0          (0 %)
Other:         0          (0 %)
None:          0          (0 %)

*** Response times (SLS) ***
min:           0 ms
max:           0 ms
average:       0 ms (last 1000)

Aug 20, 2014 5:00:55 PM cmg.tools.ffs.engine.result.ResultManager logSummary
INFO: 
---------------------------------------
Time running:  00:00:10.72
Done in (~):   --:--:--.---
Requests sent: 0/1        (0 %) (planned 4)
TPS (SLS):     0.00/0     (0 %)
TPS (O):       0.00
Task pool q:   0
Outgoing Qs:   (100) M1(1:0), 
In analyz q:   0

*** Response codes ***
OK:            0          (0 %)
Failed:        0          (0 %)
Exception:     0          (0 %)
Timeout:       0          (0 %)
Other:         0          (0 %)
None:          0          (0 %)

*** Response times (SLS) ***
min:           0 ms
max:           0 ms
average:       0 ms (last 1000)

Aug 20, 2014 5:00:57 PM cmg.tools.ffs.engine.result.ResultManager logSummary
INFO: 
---------------------------------------
Time running:  00:00:12.79
Done in (~):   --:--:--.---
Requests sent: 0/1        (0 %) (planned 4)
TPS (SLS):     0.00/0     (0 %)
TPS (O):       0.00
Task pool q:   0
Outgoing Qs:   (100) M1(1:0), 
In analyz q:   0

*** Response codes ***
OK:            0          (0 %)
Failed:        0          (0 %)
Exception:     0          (0 %)
Timeout:       0          (0 %)
Other:         0          (0 %)
None:          0          (0 %)

*** Response times (SLS) ***
min:           0 ms
max:           0 ms
average:       0 ms (last 1000)

Aug 20, 2014 5:00:59 PM cmg.tools.ffs.engine.result.ResultManager logSummary
INFO: 
---------------------------------------
Time running:  00:00:14.88
Done in (~):   --:--:--.---
Requests sent: 0/1        (0 %) (planned 4)
TPS (SLS):     0.00/0     (0 %)
TPS (O):       0.00
Task pool q:   0
Outgoing Qs:   (100) M1(1:0), 
In analyz q:   0

*** Response codes ***
OK:            0          (0 %)
Failed:        0          (0 %)
Exception:     0          (0 %)
Timeout:       0          (0 %)
Other:         0          (0 %)
None:          0          (0 %)

*** Response times (SLS) ***
min:           0 ms
max:           0 ms
average:       0 ms (last 1000)

Aug 20, 2014 5:01:01 PM cmg.tools.ffs.engine.result.ResultManager logSummary
INFO: 
---------------------------------------
Time running:  00:00:16.94
Done in (~):   --:--:--.---
Requests sent: 0/1        (0 %) (planned 4)
TPS (SLS):     0.00/0     (0 %)
TPS (O):       0.00
Task pool q:   0
Outgoing Qs:   (100) M1(1:0), 
In analyz q:   0

*** Response codes ***
OK:            0          (0 %)
Failed:        0          (0 %)
Exception:     0          (0 %)
Timeout:       0          (0 %)
Other:         0          (0 %)
None:          0          (0 %)

*** Response times (SLS) ***
min:           0 ms
max:           0 ms
average:       0 ms (last 1000)

Aug 20, 2014 5:01:03 PM cmg.tools.ffs.engine.result.ResultManager logSummary
INFO: 
---------------------------------------
Time running:  00:00:18.101
Done in (~):   --:--:--.---
Requests sent: 0/1        (0 %) (planned 4)
TPS (SLS):     0.00/0     (0 %)
TPS (O):       0.00
Task pool q:   0
Outgoing Qs:   (100) M1(1:0), 
In analyz q:   0

*** Response codes ***
OK:            0          (0 %)
Failed:        0          (0 %)
Exception:     0          (0 %)
Timeout:       0          (0 %)
Other:         0          (0 %)
None:          0          (0 %)

*** Response times (SLS) ***
min:           0 ms
max:           0 ms
average:       0 ms (last 1000)

Aug 20, 2014 5:01:05 PM cmg.tools.ffs.engine.result.ResultManager logSummary
INFO: 
---------------------------------------
Time running:  00:00:20.103
Done in (~):   --:--:--.---
Requests sent: 0/1        (0 %) (planned 4)
TPS (SLS):     0.00/0     (0 %)
TPS (O):       0.00
Task pool q:   0
Outgoing Qs:   (100) M1(1:0), 
In analyz q:   0

*** Response codes ***
OK:            0          (0 %)
Failed:        0          (0 %)
Exception:     0          (0 %)
Timeout:       0          (0 %)
Other:         0          (0 %)
None:          0          (0 %)

*** Response times (SLS) ***
min:           0 ms
max:           0 ms
average:       0 ms (last 1000)

