-override A-Number=353850101129 B-Number=08159188442 Duration-FI=10 MNP-ID=17685 ownIP=AIR1.ericsson.ie ownRealm=AIR1 ownPort=8732 destIP=occsdp1a.ericsson.ie destRealm=occsdp1.ericsson.ie destPort=3869
Framework For Simulator (FFS) (v3.3.1-87972_1_b174)
Copyright 2005-2012 Ericsson AB (http://www.ericsson.com)

Creating manager
Setting thread pool to: 8
Setting task queue to: 64
Checking configuration file '/var/opt/ffs/usecases/voice_short/cipip_voice_short.xml'...(v3.1.dev-build)
Unable to load configuration file. - Cause:
cmg.tools.ffs.util.ReflectionHelperException: Invocation target exception.
	at cmg.tools.ffs.util.ReflectionHelper.instantiate(ReflectionHelper.java:81)
	at cmg.tools.ffs.configuration.Configuration.getConfigurationParser(Configuration.java:89)
	at cmg.tools.ffs.engine.ManagerV3.load(ManagerV3.java:552)
	at cmg.tools.ffs.Start.runNormal(Start.java:229)
	at cmg.tools.ffs.Start.main0(Start.java:499)
	at cmg.tools.ffs.Start.main(Start.java:418)
	at sun.reflect.NativeMethodAccessorImpl.invoke0(Native Method)
	at sun.reflect.NativeMethodAccessorImpl.invoke(NativeMethodAccessorImpl.java:57)
	at sun.reflect.DelegatingMethodAccessorImpl.invoke(DelegatingMethodAccessorImpl.java:43)
	at java.lang.reflect.Method.invoke(Method.java:601)
	at cmg.tools.ffs.StartUp.main(StartUp.java:36)
Caused by: java.lang.reflect.InvocationTargetException
	at sun.reflect.NativeConstructorAccessorImpl.newInstance0(Native Method)
	at sun.reflect.NativeConstructorAccessorImpl.newInstance(NativeConstructorAccessorImpl.java:57)
	at sun.reflect.DelegatingConstructorAccessorImpl.newInstance(DelegatingConstructorAccessorImpl.java:45)
	at java.lang.reflect.Constructor.newInstance(Constructor.java:525)
	at cmg.tools.ffs.util.ReflectionHelper.instantiate(ReflectionHelper.java:61)
	... 10 more
Caused by: org.xml.sax.SAXParseException; lineNumber: 36; columnNumber: 47; Open quote is expected for attribute "{1}" associated with an  element type  "value".
	at com.sun.org.apache.xerces.internal.util.ErrorHandlerWrapper.createSAXParseException(ErrorHandlerWrapper.java:198)
	at com.sun.org.apache.xerces.internal.util.ErrorHandlerWrapper.fatalError(ErrorHandlerWrapper.java:177)
	at com.sun.org.apache.xerces.internal.impl.XMLErrorReporter.reportError(XMLErrorReporter.java:441)
	at com.sun.org.apache.xerces.internal.impl.XMLErrorReporter.reportError(XMLErrorReporter.java:368)
	at com.sun.org.apache.xerces.internal.impl.XMLScanner.reportFatalError(XMLScanner.java:1388)
	at com.sun.org.apache.xerces.internal.impl.XMLScanner.scanAttributeValue(XMLScanner.java:781)
	at com.sun.org.apache.xerces.internal.impl.XMLNSDocumentScannerImpl.scanAttribute(XMLNSDocumentScannerImpl.java:436)
	at com.sun.org.apache.xerces.internal.impl.XMLNSDocumentScannerImpl.scanStartElement(XMLNSDocumentScannerImpl.java:253)
	at com.sun.org.apache.xerces.internal.impl.XMLDocumentFragmentScannerImpl$FragmentContentDriver.next(XMLDocumentFragmentScannerImpl.java:2717)
	at com.sun.org.apache.xerces.internal.impl.XMLDocumentScannerImpl.next(XMLDocumentScannerImpl.java:607)
	at com.sun.org.apache.xerces.internal.impl.XMLNSDocumentScannerImpl.next(XMLNSDocumentScannerImpl.java:116)
	at com.sun.org.apache.xerces.internal.impl.XMLDocumentFragmentScannerImpl.scanDocument(XMLDocumentFragmentScannerImpl.java:489)
	at com.sun.org.apache.xerces.internal.parsers.XML11Configuration.parse(XML11Configuration.java:835)
	at com.sun.org.apache.xerces.internal.parsers.XML11Configuration.parse(XML11Configuration.java:764)
	at com.sun.org.apache.xerces.internal.parsers.XMLParser.parse(XMLParser.java:123)
	at com.sun.org.apache.xerces.internal.parsers.DOMParser.parse(DOMParser.java:237)
	at com.sun.org.apache.xerces.internal.jaxp.DocumentBuilderImpl.parse(DocumentBuilderImpl.java:300)
	at javax.xml.parsers.DocumentBuilder.parse(DocumentBuilder.java:121)
	at cmg.tools.ffs.util.XMLParser.<init>(XMLParser.java:76)
	at cmg.tools.ffs.configuration.v3.ParserV3.<init>(ParserV3.java:50)
	... 15 more

>>>>>>>>>>>>>>>>>>>>> VM is shutting down. <<<<<<<<<<<<<<<<<<<<<<<<<
No CDR file was created since cdr path "" does not exist.
Session completed
