2014-08-22 09:14:46.367;M1_G0_R0;R0;M1_G0_R0_0;M#0;OTHER;0;20192;TIMEOUT: Did not get a result back from the plug-in.;outgoingData

2014-08-22 09:14:46.989;M1_G0_R0;R0;M1_G0_R0_0;M#0;incommingData

2014-08-22 09:14:50.273;M1_G0_R1;R1;M1_G0_R1_1;M#0;EXCEPTION;0;113;Unable to create Diameter Request from XML.;outgoingData

exception
java.lang.RuntimeException: Could not load Diameter AVPs from XML document.
	at cmg.tools.ffs.plugins.diameter.DiameterRequestModelBuilder.loadAVPfromXML(DiameterRequestModelBuilder.java:103)
	at cmg.tools.ffs.plugins.diameter.Diameter.exec(Diameter.java:1147)
	at cmg.tools.ffs.engine.request.Request.process(Request.java:137)
	at cmg.tools.ffs.engine.sender.ItemProcessor.run(ItemProcessor.java:36)
	at java.util.concurrent.ThreadPoolExecutor.runWorker(ThreadPoolExecutor.java:1145)
	at java.util.concurrent.ThreadPoolExecutor$Worker.run(ThreadPoolExecutor.java:615)
	at java.lang.Thread.run(Thread.java:722)
Caused by: java.lang.RuntimeException: Unable to build grouped AVP for xml node: Node[AVP, type=1, value=null]
	at cmg.tools.ffs.plugins.diameter.DiameterRequestModelBuilder.buildGroupedAvp(DiameterRequestModelBuilder.java:324)
	at cmg.tools.ffs.plugins.diameter.DiameterRequestModelBuilder.loadAVPs(DiameterRequestModelBuilder.java:160)
	at cmg.tools.ffs.plugins.diameter.DiameterRequestModelBuilder.loadAVPfromXML(DiameterRequestModelBuilder.java:99)
	... 6 more
Caused by: java.lang.RuntimeException: Unable to create AVP, code: '1066', vendorId: '193', with value: '0x(nothing ...!)'
	at cmg.tools.ffs.plugins.diameter.DiameterRequestModelBuilder.createAVP(DiameterRequestModelBuilder.java:242)
	at cmg.tools.ffs.plugins.diameter.DiameterRequestModelBuilder.buildGroupedAvp(DiameterRequestModelBuilder.java:320)
	... 8 more
Caused by: java.lang.NumberFormatException: Malformed hexadecimal string. Contains illegal digit "(" [nothing ...!)]
	at cmg.tools.ffs.util.charset.HexCharset$Encoder.encodeLoop(HexCharset.java:75)
	at java.nio.charset.CharsetEncoder.encode(CharsetEncoder.java:561)
	at java.lang.StringCoding.encode(StringCoding.java:370)
	at java.lang.String.getBytes(String.java:939)
	at cmg.tools.ffs.util.charset.HexCharset.hexToBytes(HexCharset.java:182)
	at cmg.tools.ffs.util.ByteHelper.hexToBytes(ByteHelper.java:37)
	at cmg.tools.ffs.plugins.diameter.datatypes.DatatypeOctetString.createAvp(DatatypeOctetString.java:57)
	at cmg.tools.ffs.plugins.diameter.DiameterRequestModelBuilder.createAVP(DiameterRequestModelBuilder.java:238)
	... 9 more

2014-08-22 09:14:50.274;M1_G0_R1;R1;M1_G0_R1_1;M#0;incommingData

