-override A-Number=353850101129 B-Number=353850101139 Duration-FI=10 ownIP=AIR1.ericsson.ie ownRealm=AIR1 ownPort=8732 destIP=occsdp1a.ericsson.ie destRealm=occsdp1.ericsson.ie destPort=3869
Framework For Simulator (FFS) (v3.3.1-87972_1_b174)
Copyright 2005-2012 Ericsson AB (http://www.ericsson.com)

Creating manager
Setting thread pool to: 8
Setting task queue to: 64
Checking configuration file '/var/opt/ffs/usecases/voice_short/cipip_voice_short.xml'...(v3.1.dev-build)
Loading configuration file...
Loading REPOSITORY...
REPOSITORY loaded!
Loading MODELS...
MODELS Loaded!
Loading TRAFFIC MODELS...
TRAFFIC MODELS Loaded!
Loading PLUG-IN...
Creating default plugin. (cmg.tools.ffs.plugins.diameter.Diameter)
PLUG-IN loaded and initialized!
Loading ANALYZERS...
ANALYZERS loaded and initialized!
Configuration file loaded!
Executing...
Initializing default plugin.
Loading dictionary file: config/diameter/dictionary.xml
> cmg.tools.ffs.plugins.diameter.Diameter > Can not parse argument 'answerResultCode' using: 2002
> cmg.tools.ffs.plugins.diameter.Diameter > Parameter : tcTimer not found in configuration or is not a number. Leaving unset.
> cmg.tools.ffs.plugins.diameter.Diameter > Parameter : requestTimeout not found in configuration or is not a number. Leaving unset.
> cmg.tools.ffs.plugins.diameter.Diameter > NOTE : If the timeout value in the request definitions are smaller than the DefaultMessageTimeout value, 
       the FFS will time-out requests that may or may not be received by the stack later.
       Another undesireable result of this may be that the FFS tries to send a new request in
       the same session which will cause a session-aware receiver to reply with Session Busy.
> cmg.tools.ffs.plugins.diameter.Diameter > Parameter : TITimer (Timeout for request) not found in config or is not a number. Defaulting it to 45 seconds.
> cmg.tools.ffs.plugins.diameter.Diameter > Starting the stack...
> cmg.tools.ffs.plugins.diameter.Diameter > The stack started successfully!
> cmg.tools.ffs.plugins.diameter.Diameter > No secondary peer defined.
> cmg.tools.ffs.plugins.diameter.Diameter > Waiting for CEA from primary peer... 15000 ms.
> cmg.tools.ffs.plugins.diameter.Diameter > Primary peer added: aaa://occsdp1a.ericsson.ie:3869;transport=sctp isStatic=true
> cmg.tools.ffs.plugins.diameter.Diameter > Primary peer connected: aaa://occsdp1a.ericsson.ie:3869;transport=sctp
Initializing complete of default plugin.
*** Slot changing to: SLOT #1
Aug 22, 2014 10:17:10 AM cmg.tools.ffs.engine.result.ResultManager logSummary
INFO: 
---------------------------------------
Time running:     00:00:00.126
Done in (~):      --:--:--.---
Requests sent:    0/0     (0 %) (planned 0)
TPS (SLS):        0.00/0  (0 %)
TPS (O):          0.00
Task pool q:      0
Outgoing Qs:      
In analyz q:      0

*** Response codes ***
Ok:               0       (0 %)
Failed:           0       (0 %)
Exception:        0       (0 %)
Timeout:          0       (0 %)
Other:            0       (0 %)
None:             0       (0 %)

Expected Ok:      0       (0 %)
Expected Failed:  0       (0 %)

*** Response times (SLS) ***
min:              0 ms
max:              0 ms
average:          0 ms

AVP (code: 1080) is missing in the dictionary.
AVP (code: 1103) is missing in the dictionary.
AVP (code: 1079) is missing in the dictionary.
AVP (code: 1104) is missing in the dictionary.
AVP (code: 1105) is missing in the dictionary.
Aug 22, 2014 10:17:13 AM cmg.tools.ffs.engine.result.ResultManager logSummary
INFO: 
---------------------------------------
Time running:     00:00:03.26
Done in (~):      00:00:00
Requests sent:    1/1     (100 %) (planned 0)
TPS (SLS):        0.35/0  (0 %)
TPS (O):          0.33
Task pool q:      0
Outgoing Qs:      (100) M1(0:0), 
In analyz q:      0

*** Response codes ***
Ok:               0       (0 %)
Failed:           1       (100 %)
Exception:        0       (0 %)
Timeout:          0       (0 %)
Other:            0       (0 %)
None:             0       (0 %)

Expected Ok:      0       (0 %)
Expected Failed:  1       (100 %)

*** Response times (SLS) ***
min:              334 ms
max:              334 ms
average:          334 ms

> cmg.tools.ffs.plugins.diameter.Diameter > Unable to create Diameter Request from XML. For result: Result{M1_G0_R1_1, }, with data: (map){
	RequestType=[CIR]
	DiameterRequest=[Node[#document, type=9, value=null]]
	PBit=[true]
}java.lang.RuntimeException: Could not load Diameter AVPs from XML document.
	at cmg.tools.ffs.plugins.diameter.DiameterRequestModelBuilder.loadAVPfromXML(DiameterRequestModelBuilder.java:103)
	at cmg.tools.ffs.plugins.diameter.Diameter.exec(Diameter.java:1147)
	at cmg.tools.ffs.engine.request.Request.process(Request.java:137)
	at cmg.tools.ffs.engine.sender.ItemProcessor.run(ItemProcessor.java:36)
	at java.util.concurrent.ThreadPoolExecutor.runWorker(ThreadPoolExecutor.java:1145)
	at java.util.concurrent.ThreadPoolExecutor$Worker.run(ThreadPoolExecutor.java:615)
	at java.lang.Thread.run(Thread.java:722)
Caused by: java.lang.RuntimeException: Unable to build grouped AVP for xml node: Node[AVP, type=1, value=null]
	at cmg.tools.ffs.plugins.diameter.DiameterRequestModelBuilder.buildGroupedAvp(DiameterRequestModelBuilder.java:324)
	at cmg.tools.ffs.plugins.diameter.DiameterRequestModelBuilder.loadAVPs(DiameterRequestModelBuilder.java:160)
	at cmg.tools.ffs.plugins.diameter.DiameterRequestModelBuilder.loadAVPfromXML(DiameterRequestModelBuilder.java:99)
	... 6 more
Caused by: java.lang.RuntimeException: Unable to create AVP, code: '1066', vendorId: '193', with value: '0x(nothing ...!)'
	at cmg.tools.ffs.plugins.diameter.DiameterRequestModelBuilder.createAVP(DiameterRequestModelBuilder.java:242)
	at cmg.tools.ffs.plugins.diameter.DiameterRequestModelBuilder.buildGroupedAvp(DiameterRequestModelBuilder.java:320)
	... 8 more
Caused by: java.lang.NumberFormatException: Malformed hexadecimal string. Contains illegal digit "(" [nothing ...!)]
	at cmg.tools.ffs.util.charset.HexCharset$Encoder.encodeLoop(HexCharset.java:75)
	at java.nio.charset.CharsetEncoder.encode(CharsetEncoder.java:561)
	at java.lang.StringCoding.encode(StringCoding.java:370)
	at java.lang.String.getBytes(String.java:939)
	at cmg.tools.ffs.util.charset.HexCharset.hexToBytes(HexCharset.java:182)
	at cmg.tools.ffs.util.ByteHelper.hexToBytes(ByteHelper.java:37)
	at cmg.tools.ffs.plugins.diameter.datatypes.DatatypeOctetString.createAvp(DatatypeOctetString.java:57)
	at cmg.tools.ffs.plugins.diameter.DiameterRequestModelBuilder.createAVP(DiameterRequestModelBuilder.java:238)
	... 9 more

Aug 22, 2014 10:17:15 AM cmg.tools.ffs.engine.result.ResultManager logSummary
INFO: 
---------------------------------------
Time running:     00:00:05.82
Done in (~):      00:00:00
Requests sent:    2/2     (100 %) (planned 0)
TPS (SLS):        0.49/0  (0 %)
TPS (O):          0.39
Task pool q:      0
Outgoing Qs:      (100) M1(0:0), 
In analyz q:      0

*** Response codes ***
Ok:               0       (0 %)
Failed:           1       (50 %)
Exception:        1       (50 %)
Timeout:          0       (0 %)
Other:            0       (0 %)
None:             0       (0 %)

Expected Ok:      0       (0 %)
Expected Failed:  2       (100 %)

*** Response times (SLS) ***
min:              113 ms
max:              113 ms
average:          224 ms

Aug 22, 2014 10:17:17 AM cmg.tools.ffs.engine.result.ResultManager logSummary
INFO: 
---------------------------------------
Time running:     00:00:07.85
Done in (~):      00:00:00
Requests sent:    2/2     (100 %) (planned 0)
TPS (SLS):        0.00/0  (0 %)
TPS (O):          0.28
Task pool q:      0
Outgoing Qs:      (100) M1(0:0), 
In analyz q:      0

*** Response codes ***
Ok:               0       (0 %)
Failed:           1       (50 %)
Exception:        1       (50 %)
Timeout:          0       (0 %)
Other:            0       (0 %)
None:             0       (0 %)

Expected Ok:      0       (0 %)
Expected Failed:  2       (100 %)

*** Response times (SLS) ***
min:              0 ms
max:              0 ms
average:          224 ms

All slots consumed, waiting for shutdown...
All items processed, shutting down...
Kill timer set to: 0ms. I won't kill anyone, okey?
Aug 22, 2014 10:17:18 AM cmg.tools.ffs.engine.result.ResultManager logSummary
INFO: 
---------------------------------------
Time running:     00:00:07.902
Done in (~):      00:00:00
Requests sent:    2/2     (100 %) (planned 0)
TPS (SLS):        0.00/0  (0 %)
TPS (O):          0.25
Task pool q:      0
Outgoing Qs:      
In analyz q:      0

*** Response codes ***
Ok:               0       (0 %)
Failed:           1       (50 %)
Exception:        1       (50 %)
Timeout:          0       (0 %)
Other:            0       (0 %)
None:             0       (0 %)

Expected Ok:      0       (0 %)
Expected Failed:  2       (100 %)

*** Response times (SLS) ***
min:              0 ms
max:              0 ms
average:          224 ms

> cmg.tools.ffs.plugins.diameter.Diameter > Primary peer [aaa://occsdp1a.ericsson.ie:3869;transport=sctp] disconnected. Reason: 0 Cause: 0
All done! Have a nice day!
*** Tearing down loggers (4) ***
Closing the "Data" logger...done!
Closing the "Statistics" logger...done!
Closing the "Run" logger...done!
Closing the "Summary" logger...done!
>>>>>>>>>>>>>>>>>>>>> VM is shutting down. <<<<<<<<<<<<<<<<<<<<<<<<<
Session completed
