
---------------------------------------
Time running:  00:00:00.16
Done in (~):   --:--:--.---
Requests sent: 0/0        (0 %) (planned 0)
TPS (SLS):     0.00/0     (0 %)
TPS (O):       0.00
Task pool q:   0
Outgoing Qs:   
In analyz q:   0

*** Response codes ***
OK:            0          (0 %)
Failed:        0          (0 %)
Exception:     0          (0 %)
Timeout:       0          (0 %)
Other:         0          (0 %)
None:          0          (0 %)

*** Response times (SLS) ***
min:           0 ms
max:           0 ms
average:       0 ms (last 1000)


---------------------------------------
Time running:  00:00:02.34
Done in (~):   --:--:--.---
Requests sent: 0/1        (0 %) (planned 2)
TPS (SLS):     0.00/0     (0 %)
TPS (O):       0.00
Task pool q:   0
Outgoing Qs:   (100) M1(1:0), 
In analyz q:   0

*** Response codes ***
OK:            0          (0 %)
Failed:        0          (0 %)
Exception:     0          (0 %)
Timeout:       0          (0 %)
Other:         0          (0 %)
None:          0          (0 %)

*** Response times (SLS) ***
min:           0 ms
max:           0 ms
average:       0 ms (last 1000)


---------------------------------------
Time running:  00:00:04.40
Done in (~):   --:--:--.---
Requests sent: 0/1        (0 %) (planned 2)
TPS (SLS):     0.00/0     (0 %)
TPS (O):       0.00
Task pool q:   0
Outgoing Qs:   (100) M1(1:0), 
In analyz q:   0

*** Response codes ***
OK:            0          (0 %)
Failed:        0          (0 %)
Exception:     0          (0 %)
Timeout:       0          (0 %)
Other:         0          (0 %)
None:          0          (0 %)

*** Response times (SLS) ***
min:           0 ms
max:           0 ms
average:       0 ms (last 1000)


---------------------------------------
Time running:  00:00:06.49
Done in (~):   --:--:--.---
Requests sent: 0/1        (0 %) (planned 2)
TPS (SLS):     0.00/0     (0 %)
TPS (O):       0.00
Task pool q:   0
Outgoing Qs:   (100) M1(1:0), 
In analyz q:   0

*** Response codes ***
OK:            0          (0 %)
Failed:        0          (0 %)
Exception:     0          (0 %)
Timeout:       0          (0 %)
Other:         0          (0 %)
None:          0          (0 %)

*** Response times (SLS) ***
min:           0 ms
max:           0 ms
average:       0 ms (last 1000)


---------------------------------------
Time running:  00:00:08.56
Done in (~):   --:--:--.---
Requests sent: 0/1        (0 %) (planned 2)
TPS (SLS):     0.00/0     (0 %)
TPS (O):       0.00
Task pool q:   0
Outgoing Qs:   (100) M1(1:0), 
In analyz q:   0

*** Response codes ***
OK:            0          (0 %)
Failed:        0          (0 %)
Exception:     0          (0 %)
Timeout:       0          (0 %)
Other:         0          (0 %)
None:          0          (0 %)

*** Response times (SLS) ***
min:           0 ms
max:           0 ms
average:       0 ms (last 1000)


---------------------------------------
Time running:  00:00:10.63
Done in (~):   --:--:--.---
Requests sent: 0/1        (0 %) (planned 2)
TPS (SLS):     0.00/0     (0 %)
TPS (O):       0.00
Task pool q:   0
Outgoing Qs:   (100) M1(1:0), 
In analyz q:   0

*** Response codes ***
OK:            0          (0 %)
Failed:        0          (0 %)
Exception:     0          (0 %)
Timeout:       0          (0 %)
Other:         0          (0 %)
None:          0          (0 %)

*** Response times (SLS) ***
min:           0 ms
max:           0 ms
average:       0 ms (last 1000)


---------------------------------------
Time running:  00:00:12.69
Done in (~):   --:--:--.---
Requests sent: 0/1        (0 %) (planned 2)
TPS (SLS):     0.00/0     (0 %)
TPS (O):       0.00
Task pool q:   0
Outgoing Qs:   (100) M1(1:0), 
In analyz q:   0

*** Response codes ***
OK:            0          (0 %)
Failed:        0          (0 %)
Exception:     0          (0 %)
Timeout:       0          (0 %)
Other:         0          (0 %)
None:          0          (0 %)

*** Response times (SLS) ***
min:           0 ms
max:           0 ms
average:       0 ms (last 1000)


---------------------------------------
Time running:  00:00:14.83
Done in (~):   --:--:--.---
Requests sent: 0/1        (0 %) (planned 2)
TPS (SLS):     0.00/0     (0 %)
TPS (O):       0.00
Task pool q:   0
Outgoing Qs:   (100) M1(1:0), 
In analyz q:   0

*** Response codes ***
OK:            0          (0 %)
Failed:        0          (0 %)
Exception:     0          (0 %)
Timeout:       0          (0 %)
Other:         0          (0 %)
None:          0          (0 %)

*** Response times (SLS) ***
min:           0 ms
max:           0 ms
average:       0 ms (last 1000)


---------------------------------------
Time running:  00:00:16.91
Done in (~):   --:--:--.---
Requests sent: 0/1        (0 %) (planned 2)
TPS (SLS):     0.00/0     (0 %)
TPS (O):       0.00
Task pool q:   0
Outgoing Qs:   (100) M1(1:0), 
In analyz q:   0

*** Response codes ***
OK:            0          (0 %)
Failed:        0          (0 %)
Exception:     0          (0 %)
Timeout:       0          (0 %)
Other:         0          (0 %)
None:          0          (0 %)

*** Response times (SLS) ***
min:           0 ms
max:           0 ms
average:       0 ms (last 1000)


---------------------------------------
Time running:  00:00:18.94
Done in (~):   --:--:--.---
Requests sent: 0/1        (0 %) (planned 2)
TPS (SLS):     0.00/0     (0 %)
TPS (O):       0.00
Task pool q:   0
Outgoing Qs:   (100) M1(1:0), 
In analyz q:   0

*** Response codes ***
OK:            0          (0 %)
Failed:        0          (0 %)
Exception:     0          (0 %)
Timeout:       0          (0 %)
Other:         0          (0 %)
None:          0          (0 %)

*** Response times (SLS) ***
min:           0 ms
max:           0 ms
average:       0 ms (last 1000)


---------------------------------------
Time running:  00:00:20.97
Done in (~):   --:--:--.---
Requests sent: 0/1        (0 %) (planned 2)
TPS (SLS):     0.00/0     (0 %)
TPS (O):       0.00
Task pool q:   0
Outgoing Qs:   (100) M1(1:0), 
In analyz q:   0

*** Response codes ***
OK:            0          (0 %)
Failed:        0          (0 %)
Exception:     0          (0 %)
Timeout:       0          (0 %)
Other:         0          (0 %)
None:          0          (0 %)

*** Response times (SLS) ***
min:           0 ms
max:           0 ms
average:       0 ms (last 1000)


---------------------------------------
Time running:  00:00:22.103
Done in (~):   --:--:--.---
Requests sent: 0/1        (0 %) (planned 2)
TPS (SLS):     0.00/0     (0 %)
TPS (O):       0.00
Task pool q:   0
Outgoing Qs:   (100) M1(1:0), 
In analyz q:   0

*** Response codes ***
OK:            0          (0 %)
Failed:        0          (0 %)
Exception:     0          (0 %)
Timeout:       0          (0 %)
Other:         0          (0 %)
None:          0          (0 %)

*** Response times (SLS) ***
min:           0 ms
max:           0 ms
average:       0 ms (last 1000)


---------------------------------------
Time running:  00:00:24.106
Done in (~):   --:--:--.---
Requests sent: 0/1        (0 %) (planned 2)
TPS (SLS):     0.00/0     (0 %)
TPS (O):       0.00
Task pool q:   0
Outgoing Qs:   (100) M1(1:0), 
In analyz q:   0

*** Response codes ***
OK:            0          (0 %)
Failed:        0          (0 %)
Exception:     0          (0 %)
Timeout:       0          (0 %)
Other:         0          (0 %)
None:          0          (0 %)

*** Response times (SLS) ***
min:           0 ms
max:           0 ms
average:       0 ms (last 1000)


---------------------------------------
Time running:  00:00:26.112
Done in (~):   --:--:--.---
Requests sent: 0/1        (0 %) (planned 2)
TPS (SLS):     0.00/0     (0 %)
TPS (O):       0.00
Task pool q:   0
Outgoing Qs:   (100) M1(1:0), 
In analyz q:   0

*** Response codes ***
OK:            0          (0 %)
Failed:        0          (0 %)
Exception:     0          (0 %)
Timeout:       0          (0 %)
Other:         0          (0 %)
None:          0          (0 %)

*** Response times (SLS) ***
min:           0 ms
max:           0 ms
average:       0 ms (last 1000)


---------------------------------------
Time running:  00:00:28.118
Done in (~):   --:--:--.---
Requests sent: 0/1        (0 %) (planned 2)
TPS (SLS):     0.00/0     (0 %)
TPS (O):       0.00
Task pool q:   0
Outgoing Qs:   (100) M1(1:0), 
In analyz q:   0

*** Response codes ***
OK:            0          (0 %)
Failed:        0          (0 %)
Exception:     0          (0 %)
Timeout:       0          (0 %)
Other:         0          (0 %)
None:          0          (0 %)

*** Response times (SLS) ***
min:           0 ms
max:           0 ms
average:       0 ms (last 1000)


---------------------------------------
Time running:  00:00:30.126
Done in (~):   --:--:--.---
Requests sent: 0/1        (0 %) (planned 2)
TPS (SLS):     0.00/0     (0 %)
TPS (O):       0.00
Task pool q:   0
Outgoing Qs:   (100) M1(1:0), 
In analyz q:   0

*** Response codes ***
OK:            0          (0 %)
Failed:        0          (0 %)
Exception:     0          (0 %)
Timeout:       0          (0 %)
Other:         0          (0 %)
None:          0          (0 %)

*** Response times (SLS) ***
min:           0 ms
max:           0 ms
average:       0 ms (last 1000)


---------------------------------------
Time running:  00:00:32.132
Done in (~):   --:--:--.---
Requests sent: 0/1        (0 %) (planned 2)
TPS (SLS):     0.00/0     (0 %)
TPS (O):       0.00
Task pool q:   0
Outgoing Qs:   (100) M1(1:0), 
In analyz q:   0

*** Response codes ***
OK:            0          (0 %)
Failed:        0          (0 %)
Exception:     0          (0 %)
Timeout:       0          (0 %)
Other:         0          (0 %)
None:          0          (0 %)

*** Response times (SLS) ***
min:           0 ms
max:           0 ms
average:       0 ms (last 1000)


---------------------------------------
Time running:  00:00:34.138
Done in (~):   --:--:--.---
Requests sent: 0/1        (0 %) (planned 2)
TPS (SLS):     0.00/0     (0 %)
TPS (O):       0.00
Task pool q:   0
Outgoing Qs:   (100) M1(1:0), 
In analyz q:   0

*** Response codes ***
OK:            0          (0 %)
Failed:        0          (0 %)
Exception:     0          (0 %)
Timeout:       0          (0 %)
Other:         0          (0 %)
None:          0          (0 %)

*** Response times (SLS) ***
min:           0 ms
max:           0 ms
average:       0 ms (last 1000)


---------------------------------------
Time running:  00:00:36.144
Done in (~):   --:--:--.---
Requests sent: 0/1        (0 %) (planned 2)
TPS (SLS):     0.00/0     (0 %)
TPS (O):       0.00
Task pool q:   0
Outgoing Qs:   (100) M1(1:0), 
In analyz q:   0

*** Response codes ***
OK:            0          (0 %)
Failed:        0          (0 %)
Exception:     0          (0 %)
Timeout:       0          (0 %)
Other:         0          (0 %)
None:          0          (0 %)

*** Response times (SLS) ***
min:           0 ms
max:           0 ms
average:       0 ms (last 1000)


---------------------------------------
Time running:  00:00:38.153
Done in (~):   --:--:--.---
Requests sent: 0/1        (0 %) (planned 2)
TPS (SLS):     0.00/0     (0 %)
TPS (O):       0.00
Task pool q:   0
Outgoing Qs:   (100) M1(1:0), 
In analyz q:   0

*** Response codes ***
OK:            0          (0 %)
Failed:        0          (0 %)
Exception:     0          (0 %)
Timeout:       0          (0 %)
Other:         0          (0 %)
None:          0          (0 %)

*** Response times (SLS) ***
min:           0 ms
max:           0 ms
average:       0 ms (last 1000)


---------------------------------------
Time running:  00:00:40.165
Done in (~):   --:--:--.---
Requests sent: 0/1        (0 %) (planned 2)
TPS (SLS):     0.00/0     (0 %)
TPS (O):       0.00
Task pool q:   0
Outgoing Qs:   (100) M1(1:0), 
In analyz q:   0

*** Response codes ***
OK:            0          (0 %)
Failed:        0          (0 %)
Exception:     0          (0 %)
Timeout:       0          (0 %)
Other:         0          (0 %)
None:          0          (0 %)

*** Response times (SLS) ***
min:           0 ms
max:           0 ms
average:       0 ms (last 1000)


---------------------------------------
Time running:  00:00:42.168
Done in (~):   --:--:--.---
Requests sent: 0/1        (0 %) (planned 2)
TPS (SLS):     0.00/0     (0 %)
TPS (O):       0.00
Task pool q:   0
Outgoing Qs:   (100) M1(1:0), 
In analyz q:   0

*** Response codes ***
OK:            0          (0 %)
Failed:        0          (0 %)
Exception:     0          (0 %)
Timeout:       0          (0 %)
Other:         0          (0 %)
None:          0          (0 %)

*** Response times (SLS) ***
min:           0 ms
max:           0 ms
average:       0 ms (last 1000)


---------------------------------------
Time running:  00:00:44.171
Done in (~):   --:--:--.---
Requests sent: 0/1        (0 %) (planned 2)
TPS (SLS):     0.00/0     (0 %)
TPS (O):       0.00
Task pool q:   0
Outgoing Qs:   (100) M1(1:0), 
In analyz q:   0

*** Response codes ***
OK:            0          (0 %)
Failed:        0          (0 %)
Exception:     0          (0 %)
Timeout:       0          (0 %)
Other:         0          (0 %)
None:          0          (0 %)

*** Response times (SLS) ***
min:           0 ms
max:           0 ms
average:       0 ms (last 1000)


---------------------------------------
Time running:  00:00:46.177
Done in (~):   --:--:--.---
Requests sent: 0/1        (0 %) (planned 2)
TPS (SLS):     0.00/0     (0 %)
TPS (O):       0.00
Task pool q:   0
Outgoing Qs:   (100) M1(1:0), 
In analyz q:   0

*** Response codes ***
OK:            0          (0 %)
Failed:        0          (0 %)
Exception:     0          (0 %)
Timeout:       0          (0 %)
Other:         0          (0 %)
None:          0          (0 %)

*** Response times (SLS) ***
min:           0 ms
max:           0 ms
average:       0 ms (last 1000)


---------------------------------------
Time running:  00:00:48.179
Done in (~):   --:--:--.---
Requests sent: 0/1        (0 %) (planned 2)
TPS (SLS):     0.00/0     (0 %)
TPS (O):       0.00
Task pool q:   0
Outgoing Qs:   (100) M1(1:0), 
In analyz q:   0

*** Response codes ***
OK:            0          (0 %)
Failed:        0          (0 %)
Exception:     0          (0 %)
Timeout:       0          (0 %)
Other:         0          (0 %)
None:          0          (0 %)

*** Response times (SLS) ***
min:           0 ms
max:           0 ms
average:       0 ms (last 1000)


---------------------------------------
Time running:  00:00:50.185
Done in (~):   --:--:--.---
Requests sent: 0/1        (0 %) (planned 2)
TPS (SLS):     0.00/0     (0 %)
TPS (O):       0.00
Task pool q:   0
Outgoing Qs:   (100) M1(1:0), 
In analyz q:   0

*** Response codes ***
OK:            0          (0 %)
Failed:        0          (0 %)
Exception:     0          (0 %)
Timeout:       0          (0 %)
Other:         0          (0 %)
None:          0          (0 %)

*** Response times (SLS) ***
min:           0 ms
max:           0 ms
average:       0 ms (last 1000)


---------------------------------------
Time running:  00:00:52.188
Done in (~):   --:--:--.---
Requests sent: 0/1        (0 %) (planned 2)
TPS (SLS):     0.00/0     (0 %)
TPS (O):       0.00
Task pool q:   0
Outgoing Qs:   (100) M1(1:0), 
In analyz q:   0

*** Response codes ***
OK:            0          (0 %)
Failed:        0          (0 %)
Exception:     0          (0 %)
Timeout:       0          (0 %)
Other:         0          (0 %)
None:          0          (0 %)

*** Response times (SLS) ***
min:           0 ms
max:           0 ms
average:       0 ms (last 1000)


---------------------------------------
Time running:  00:00:54.194
Done in (~):   --:--:--.---
Requests sent: 0/1        (0 %) (planned 2)
TPS (SLS):     0.00/0     (0 %)
TPS (O):       0.00
Task pool q:   0
Outgoing Qs:   (100) M1(1:0), 
In analyz q:   0

*** Response codes ***
OK:            0          (0 %)
Failed:        0          (0 %)
Exception:     0          (0 %)
Timeout:       0          (0 %)
Other:         0          (0 %)
None:          0          (0 %)

*** Response times (SLS) ***
min:           0 ms
max:           0 ms
average:       0 ms (last 1000)


---------------------------------------
Time running:  00:00:56.203
Done in (~):   --:--:--.---
Requests sent: 0/1        (0 %) (planned 2)
TPS (SLS):     0.00/0     (0 %)
TPS (O):       0.00
Task pool q:   0
Outgoing Qs:   (100) M1(1:0), 
In analyz q:   0

*** Response codes ***
OK:            0          (0 %)
Failed:        0          (0 %)
Exception:     0          (0 %)
Timeout:       0          (0 %)
Other:         0          (0 %)
None:          0          (0 %)

*** Response times (SLS) ***
min:           0 ms
max:           0 ms
average:       0 ms (last 1000)


---------------------------------------
Time running:  00:00:58.209
Done in (~):   --:--:--.---
Requests sent: 0/1        (0 %) (planned 2)
TPS (SLS):     0.00/0     (0 %)
TPS (O):       0.00
Task pool q:   0
Outgoing Qs:   (100) M1(1:0), 
In analyz q:   0

*** Response codes ***
OK:            0          (0 %)
Failed:        0          (0 %)
Exception:     0          (0 %)
Timeout:       0          (0 %)
Other:         0          (0 %)
None:          0          (0 %)

*** Response times (SLS) ***
min:           0 ms
max:           0 ms
average:       0 ms (last 1000)


---------------------------------------
Time running:  00:01:00.213
Done in (~):   --:--:--.---
Requests sent: 0/1        (0 %) (planned 2)
TPS (SLS):     0.00/0     (0 %)
TPS (O):       0.00
Task pool q:   0
Outgoing Qs:   (100) M1(1:0), 
In analyz q:   0

*** Response codes ***
OK:            0          (0 %)
Failed:        0          (0 %)
Exception:     0          (0 %)
Timeout:       0          (0 %)
Other:         0          (0 %)
None:          0          (0 %)

*** Response times (SLS) ***
min:           0 ms
max:           0 ms
average:       0 ms (last 1000)


---------------------------------------
Time running:  00:01:02.219
Done in (~):   --:--:--.---
Requests sent: 0/1        (0 %) (planned 2)
TPS (SLS):     0.00/0     (0 %)
TPS (O):       0.00
Task pool q:   0
Outgoing Qs:   (100) M1(1:0), 
In analyz q:   0

*** Response codes ***
OK:            0          (0 %)
Failed:        0          (0 %)
Exception:     0          (0 %)
Timeout:       0          (0 %)
Other:         0          (0 %)
None:          0          (0 %)

*** Response times (SLS) ***
min:           0 ms
max:           0 ms
average:       0 ms (last 1000)


---------------------------------------
Time running:  00:01:04.221
Done in (~):   --:--:--.---
Requests sent: 0/1        (0 %) (planned 2)
TPS (SLS):     0.00/0     (0 %)
TPS (O):       0.00
Task pool q:   0
Outgoing Qs:   (100) M1(1:0), 
In analyz q:   0

*** Response codes ***
OK:            0          (0 %)
Failed:        0          (0 %)
Exception:     0          (0 %)
Timeout:       0          (0 %)
Other:         0          (0 %)
None:          0          (0 %)

*** Response times (SLS) ***
min:           0 ms
max:           0 ms
average:       0 ms (last 1000)


---------------------------------------
Time running:  00:01:06.227
Done in (~):   --:--:--.---
Requests sent: 0/1        (0 %) (planned 2)
TPS (SLS):     0.00/0     (0 %)
TPS (O):       0.00
Task pool q:   0
Outgoing Qs:   (100) M1(1:0), 
In analyz q:   0

*** Response codes ***
OK:            0          (0 %)
Failed:        0          (0 %)
Exception:     0          (0 %)
Timeout:       0          (0 %)
Other:         0          (0 %)
None:          0          (0 %)

*** Response times (SLS) ***
min:           0 ms
max:           0 ms
average:       0 ms (last 1000)


---------------------------------------
Time running:  00:01:08.230
Done in (~):   --:--:--.---
Requests sent: 0/1        (0 %) (planned 2)
TPS (SLS):     0.00/0     (0 %)
TPS (O):       0.00
Task pool q:   0
Outgoing Qs:   (100) M1(1:0), 
In analyz q:   0

*** Response codes ***
OK:            0          (0 %)
Failed:        0          (0 %)
Exception:     0          (0 %)
Timeout:       0          (0 %)
Other:         0          (0 %)
None:          0          (0 %)

*** Response times (SLS) ***
min:           0 ms
max:           0 ms
average:       0 ms (last 1000)


---------------------------------------
Time running:  00:01:10.237
Done in (~):   --:--:--.---
Requests sent: 0/1        (0 %) (planned 2)
TPS (SLS):     0.00/0     (0 %)
TPS (O):       0.00
Task pool q:   0
Outgoing Qs:   (100) M1(1:0), 
In analyz q:   0

*** Response codes ***
OK:            0          (0 %)
Failed:        0          (0 %)
Exception:     0          (0 %)
Timeout:       0          (0 %)
Other:         0          (0 %)
None:          0          (0 %)

*** Response times (SLS) ***
min:           0 ms
max:           0 ms
average:       0 ms (last 1000)


---------------------------------------
Time running:  00:01:12.242
Done in (~):   --:--:--.---
Requests sent: 0/1        (0 %) (planned 2)
TPS (SLS):     0.00/0     (0 %)
TPS (O):       0.00
Task pool q:   0
Outgoing Qs:   (100) M1(1:0), 
In analyz q:   0

*** Response codes ***
OK:            0          (0 %)
Failed:        0          (0 %)
Exception:     0          (0 %)
Timeout:       0          (0 %)
Other:         0          (0 %)
None:          0          (0 %)

*** Response times (SLS) ***
min:           0 ms
max:           0 ms
average:       0 ms (last 1000)


---------------------------------------
Time running:  00:01:14.253
Done in (~):   --:--:--.---
Requests sent: 0/1        (0 %) (planned 2)
TPS (SLS):     0.00/0     (0 %)
TPS (O):       0.00
Task pool q:   0
Outgoing Qs:   (100) M1(1:0), 
In analyz q:   0

*** Response codes ***
OK:            0          (0 %)
Failed:        0          (0 %)
Exception:     0          (0 %)
Timeout:       0          (0 %)
Other:         0          (0 %)
None:          0          (0 %)

*** Response times (SLS) ***
min:           0 ms
max:           0 ms
average:       0 ms (last 1000)


---------------------------------------
Time running:  00:01:16.259
Done in (~):   --:--:--.---
Requests sent: 0/1        (0 %) (planned 2)
TPS (SLS):     0.00/0     (0 %)
TPS (O):       0.00
Task pool q:   0
Outgoing Qs:   (100) M1(1:0), 
In analyz q:   0

*** Response codes ***
OK:            0          (0 %)
Failed:        0          (0 %)
Exception:     0          (0 %)
Timeout:       0          (0 %)
Other:         0          (0 %)
None:          0          (0 %)

*** Response times (SLS) ***
min:           0 ms
max:           0 ms
average:       0 ms (last 1000)


---------------------------------------
Time running:  00:01:18.265
Done in (~):   --:--:--.---
Requests sent: 0/1        (0 %) (planned 2)
TPS (SLS):     0.00/0     (0 %)
TPS (O):       0.00
Task pool q:   0
Outgoing Qs:   (100) M1(1:0), 
In analyz q:   0

*** Response codes ***
OK:            0          (0 %)
Failed:        0          (0 %)
Exception:     0          (0 %)
Timeout:       0          (0 %)
Other:         0          (0 %)
None:          0          (0 %)

*** Response times (SLS) ***
min:           0 ms
max:           0 ms
average:       0 ms (last 1000)


---------------------------------------
Time running:  00:01:20.268
Done in (~):   --:--:--.---
Requests sent: 0/1        (0 %) (planned 2)
TPS (SLS):     0.00/0     (0 %)
TPS (O):       0.00
Task pool q:   0
Outgoing Qs:   (100) M1(1:0), 
In analyz q:   0

*** Response codes ***
OK:            0          (0 %)
Failed:        0          (0 %)
Exception:     0          (0 %)
Timeout:       0          (0 %)
Other:         0          (0 %)
None:          0          (0 %)

*** Response times (SLS) ***
min:           0 ms
max:           0 ms
average:       0 ms (last 1000)


---------------------------------------
Time running:  00:01:22.278
Done in (~):   --:--:--.---
Requests sent: 0/1        (0 %) (planned 2)
TPS (SLS):     0.00/0     (0 %)
TPS (O):       0.00
Task pool q:   0
Outgoing Qs:   (100) M1(1:0), 
In analyz q:   0

*** Response codes ***
OK:            0          (0 %)
Failed:        0          (0 %)
Exception:     0          (0 %)
Timeout:       0          (0 %)
Other:         0          (0 %)
None:          0          (0 %)

*** Response times (SLS) ***
min:           0 ms
max:           0 ms
average:       0 ms (last 1000)


---------------------------------------
Time running:  00:01:24.281
Done in (~):   --:--:--.---
Requests sent: 0/1        (0 %) (planned 2)
TPS (SLS):     0.00/0     (0 %)
TPS (O):       0.00
Task pool q:   0
Outgoing Qs:   (100) M1(1:0), 
In analyz q:   0

*** Response codes ***
OK:            0          (0 %)
Failed:        0          (0 %)
Exception:     0          (0 %)
Timeout:       0          (0 %)
Other:         0          (0 %)
None:          0          (0 %)

*** Response times (SLS) ***
min:           0 ms
max:           0 ms
average:       0 ms (last 1000)


---------------------------------------
Time running:  00:01:26.283
Done in (~):   --:--:--.---
Requests sent: 0/1        (0 %) (planned 2)
TPS (SLS):     0.00/0     (0 %)
TPS (O):       0.00
Task pool q:   0
Outgoing Qs:   (100) M1(1:0), 
In analyz q:   0

*** Response codes ***
OK:            0          (0 %)
Failed:        0          (0 %)
Exception:     0          (0 %)
Timeout:       0          (0 %)
Other:         0          (0 %)
None:          0          (0 %)

*** Response times (SLS) ***
min:           0 ms
max:           0 ms
average:       0 ms (last 1000)


---------------------------------------
Time running:  00:01:28.289
Done in (~):   --:--:--.---
Requests sent: 0/1        (0 %) (planned 2)
TPS (SLS):     0.00/0     (0 %)
TPS (O):       0.00
Task pool q:   0
Outgoing Qs:   (100) M1(1:0), 
In analyz q:   0

*** Response codes ***
OK:            0          (0 %)
Failed:        0          (0 %)
Exception:     0          (0 %)
Timeout:       0          (0 %)
Other:         0          (0 %)
None:          0          (0 %)

*** Response times (SLS) ***
min:           0 ms
max:           0 ms
average:       0 ms (last 1000)


---------------------------------------
Time running:  00:01:30.295
Done in (~):   --:--:--.---
Requests sent: 0/1        (0 %) (planned 2)
TPS (SLS):     0.00/0     (0 %)
TPS (O):       0.00
Task pool q:   0
Outgoing Qs:   (100) M1(1:0), 
In analyz q:   0

*** Response codes ***
OK:            0          (0 %)
Failed:        0          (0 %)
Exception:     0          (0 %)
Timeout:       0          (0 %)
Other:         0          (0 %)
None:          0          (0 %)

*** Response times (SLS) ***
min:           0 ms
max:           0 ms
average:       0 ms (last 1000)


---------------------------------------
Time running:  00:01:32.298
Done in (~):   --:--:--.---
Requests sent: 0/1        (0 %) (planned 2)
TPS (SLS):     0.00/0     (0 %)
TPS (O):       0.00
Task pool q:   0
Outgoing Qs:   (100) M1(1:0), 
In analyz q:   0

*** Response codes ***
OK:            0          (0 %)
Failed:        0          (0 %)
Exception:     0          (0 %)
Timeout:       0          (0 %)
Other:         0          (0 %)
None:          0          (0 %)

*** Response times (SLS) ***
min:           0 ms
max:           0 ms
average:       0 ms (last 1000)

