
---------------------------------------
Time running:  00:00:00.18
Done in (~):   --:--:--.---
Requests sent: 0/0        (0 %) (planned 0)
TPS (SLS):     0.00/0     (0 %)
TPS (O):       0.00
Task pool q:   0
Outgoing Qs:   
In analyz q:   0

*** Response codes ***
OK:            0          (0 %)
Failed:        0          (0 %)
Exception:     0          (0 %)
Timeout:       0          (0 %)
Other:         0          (0 %)
None:          0          (0 %)

*** Response times (SLS) ***
min:           0 ms
max:           0 ms
average:       0 ms (last 1000)


---------------------------------------
Time running:  00:00:02.40
Done in (~):   --:--:--.---
Requests sent: 0/1        (0 %) (planned 2)
TPS (SLS):     0.00/0     (0 %)
TPS (O):       0.00
Task pool q:   0
Outgoing Qs:   (100) M1(1:0), 
In analyz q:   0

*** Response codes ***
OK:            0          (0 %)
Failed:        0          (0 %)
Exception:     0          (0 %)
Timeout:       0          (0 %)
Other:         0          (0 %)
None:          0          (0 %)

*** Response times (SLS) ***
min:           0 ms
max:           0 ms
average:       0 ms (last 1000)


---------------------------------------
Time running:  00:00:04.47
Done in (~):   --:--:--.---
Requests sent: 0/1        (0 %) (planned 2)
TPS (SLS):     0.00/0     (0 %)
TPS (O):       0.00
Task pool q:   0
Outgoing Qs:   (100) M1(1:0), 
In analyz q:   0

*** Response codes ***
OK:            0          (0 %)
Failed:        0          (0 %)
Exception:     0          (0 %)
Timeout:       0          (0 %)
Other:         0          (0 %)
None:          0          (0 %)

*** Response times (SLS) ***
min:           0 ms
max:           0 ms
average:       0 ms (last 1000)


---------------------------------------
Time running:  00:00:06.55
Done in (~):   --:--:--.---
Requests sent: 0/1        (0 %) (planned 2)
TPS (SLS):     0.00/0     (0 %)
TPS (O):       0.00
Task pool q:   0
Outgoing Qs:   (100) M1(1:0), 
In analyz q:   0

*** Response codes ***
OK:            0          (0 %)
Failed:        0          (0 %)
Exception:     0          (0 %)
Timeout:       0          (0 %)
Other:         0          (0 %)
None:          0          (0 %)

*** Response times (SLS) ***
min:           0 ms
max:           0 ms
average:       0 ms (last 1000)


---------------------------------------
Time running:  00:00:08.63
Done in (~):   --:--:--.---
Requests sent: 0/1        (0 %) (planned 2)
TPS (SLS):     0.00/0     (0 %)
TPS (O):       0.00
Task pool q:   0
Outgoing Qs:   (100) M1(1:0), 
In analyz q:   0

*** Response codes ***
OK:            0          (0 %)
Failed:        0          (0 %)
Exception:     0          (0 %)
Timeout:       0          (0 %)
Other:         0          (0 %)
None:          0          (0 %)

*** Response times (SLS) ***
min:           0 ms
max:           0 ms
average:       0 ms (last 1000)


---------------------------------------
Time running:  00:00:10.65
Done in (~):   --:--:--.---
Requests sent: 0/1        (0 %) (planned 2)
TPS (SLS):     0.00/0     (0 %)
TPS (O):       0.00
Task pool q:   0
Outgoing Qs:   (100) M1(1:0), 
In analyz q:   0

*** Response codes ***
OK:            0          (0 %)
Failed:        0          (0 %)
Exception:     0          (0 %)
Timeout:       0          (0 %)
Other:         0          (0 %)
None:          0          (0 %)

*** Response times (SLS) ***
min:           0 ms
max:           0 ms
average:       0 ms (last 1000)


---------------------------------------
Time running:  00:00:12.69
Done in (~):   --:--:--.---
Requests sent: 0/1        (0 %) (planned 2)
TPS (SLS):     0.00/0     (0 %)
TPS (O):       0.00
Task pool q:   0
Outgoing Qs:   (100) M1(1:0), 
In analyz q:   0

*** Response codes ***
OK:            0          (0 %)
Failed:        0          (0 %)
Exception:     0          (0 %)
Timeout:       0          (0 %)
Other:         0          (0 %)
None:          0          (0 %)

*** Response times (SLS) ***
min:           0 ms
max:           0 ms
average:       0 ms (last 1000)


---------------------------------------
Time running:  00:00:14.73
Done in (~):   --:--:--.---
Requests sent: 0/1        (0 %) (planned 2)
TPS (SLS):     0.00/0     (0 %)
TPS (O):       0.00
Task pool q:   0
Outgoing Qs:   (100) M1(1:0), 
In analyz q:   0

*** Response codes ***
OK:            0          (0 %)
Failed:        0          (0 %)
Exception:     0          (0 %)
Timeout:       0          (0 %)
Other:         0          (0 %)
None:          0          (0 %)

*** Response times (SLS) ***
min:           0 ms
max:           0 ms
average:       0 ms (last 1000)


---------------------------------------
Time running:  00:00:16.560
Done in (~):   --:--:--.---
Requests sent: 0/1        (0 %) (planned 2)
TPS (SLS):     0.00/0     (0 %)
TPS (O):       0.00
Task pool q:   0
Outgoing Qs:   (100) M1(1:0), 
In analyz q:   0

*** Response codes ***
OK:            0          (0 %)
Failed:        0          (0 %)
Exception:     0          (0 %)
Timeout:       0          (0 %)
Other:         0          (0 %)
None:          0          (0 %)

*** Response times (SLS) ***
min:           0 ms
max:           0 ms
average:       0 ms (last 1000)


---------------------------------------
Time running:  00:00:18.566
Done in (~):   --:--:--.---
Requests sent: 0/1        (0 %) (planned 2)
TPS (SLS):     0.00/0     (0 %)
TPS (O):       0.00
Task pool q:   0
Outgoing Qs:   (100) M1(1:0), 
In analyz q:   0

*** Response codes ***
OK:            0          (0 %)
Failed:        0          (0 %)
Exception:     0          (0 %)
Timeout:       0          (0 %)
Other:         0          (0 %)
None:          0          (0 %)

*** Response times (SLS) ***
min:           0 ms
max:           0 ms
average:       0 ms (last 1000)


---------------------------------------
Time running:  00:00:20.568
Done in (~):   --:--:--.---
Requests sent: 0/1        (0 %) (planned 2)
TPS (SLS):     0.00/0     (0 %)
TPS (O):       0.00
Task pool q:   0
Outgoing Qs:   (100) M1(1:0), 
In analyz q:   0

*** Response codes ***
OK:            0          (0 %)
Failed:        0          (0 %)
Exception:     0          (0 %)
Timeout:       0          (0 %)
Other:         0          (0 %)
None:          0          (0 %)

*** Response times (SLS) ***
min:           0 ms
max:           0 ms
average:       0 ms (last 1000)


---------------------------------------
Time running:  00:00:22.571
Done in (~):   --:--:--.---
Requests sent: 0/1        (0 %) (planned 2)
TPS (SLS):     0.00/0     (0 %)
TPS (O):       0.00
Task pool q:   0
Outgoing Qs:   (100) M1(1:0), 
In analyz q:   0

*** Response codes ***
OK:            0          (0 %)
Failed:        0          (0 %)
Exception:     0          (0 %)
Timeout:       0          (0 %)
Other:         0          (0 %)
None:          0          (0 %)

*** Response times (SLS) ***
min:           0 ms
max:           0 ms
average:       0 ms (last 1000)


---------------------------------------
Time running:  00:00:24.574
Done in (~):   --:--:--.---
Requests sent: 0/1        (0 %) (planned 2)
TPS (SLS):     0.00/0     (0 %)
TPS (O):       0.00
Task pool q:   0
Outgoing Qs:   (100) M1(1:0), 
In analyz q:   0

*** Response codes ***
OK:            0          (0 %)
Failed:        0          (0 %)
Exception:     0          (0 %)
Timeout:       0          (0 %)
Other:         0          (0 %)
None:          0          (0 %)

*** Response times (SLS) ***
min:           0 ms
max:           0 ms
average:       0 ms (last 1000)


---------------------------------------
Time running:  00:00:26.586
Done in (~):   --:--:--.---
Requests sent: 0/1        (0 %) (planned 2)
TPS (SLS):     0.00/0     (0 %)
TPS (O):       0.00
Task pool q:   0
Outgoing Qs:   (100) M1(1:0), 
In analyz q:   0

*** Response codes ***
OK:            0          (0 %)
Failed:        0          (0 %)
Exception:     0          (0 %)
Timeout:       0          (0 %)
Other:         0          (0 %)
None:          0          (0 %)

*** Response times (SLS) ***
min:           0 ms
max:           0 ms
average:       0 ms (last 1000)


---------------------------------------
Time running:  00:00:28.596
Done in (~):   --:--:--.---
Requests sent: 0/1        (0 %) (planned 2)
TPS (SLS):     0.00/0     (0 %)
TPS (O):       0.00
Task pool q:   0
Outgoing Qs:   (100) M1(1:0), 
In analyz q:   0

*** Response codes ***
OK:            0          (0 %)
Failed:        0          (0 %)
Exception:     0          (0 %)
Timeout:       0          (0 %)
Other:         0          (0 %)
None:          0          (0 %)

*** Response times (SLS) ***
min:           0 ms
max:           0 ms
average:       0 ms (last 1000)


---------------------------------------
Time running:  00:00:30.603
Done in (~):   --:--:--.---
Requests sent: 0/1        (0 %) (planned 2)
TPS (SLS):     0.00/0     (0 %)
TPS (O):       0.00
Task pool q:   0
Outgoing Qs:   (100) M1(1:0), 
In analyz q:   0

*** Response codes ***
OK:            0          (0 %)
Failed:        0          (0 %)
Exception:     0          (0 %)
Timeout:       0          (0 %)
Other:         0          (0 %)
None:          0          (0 %)

*** Response times (SLS) ***
min:           0 ms
max:           0 ms
average:       0 ms (last 1000)


---------------------------------------
Time running:  00:00:32.607
Done in (~):   --:--:--.---
Requests sent: 0/1        (0 %) (planned 2)
TPS (SLS):     0.00/0     (0 %)
TPS (O):       0.00
Task pool q:   0
Outgoing Qs:   (100) M1(1:0), 
In analyz q:   0

*** Response codes ***
OK:            0          (0 %)
Failed:        0          (0 %)
Exception:     0          (0 %)
Timeout:       0          (0 %)
Other:         0          (0 %)
None:          0          (0 %)

*** Response times (SLS) ***
min:           0 ms
max:           0 ms
average:       0 ms (last 1000)


---------------------------------------
Time running:  00:00:34.614
Done in (~):   --:--:--.---
Requests sent: 0/1        (0 %) (planned 2)
TPS (SLS):     0.00/0     (0 %)
TPS (O):       0.00
Task pool q:   0
Outgoing Qs:   (100) M1(1:0), 
In analyz q:   0

*** Response codes ***
OK:            0          (0 %)
Failed:        0          (0 %)
Exception:     0          (0 %)
Timeout:       0          (0 %)
Other:         0          (0 %)
None:          0          (0 %)

*** Response times (SLS) ***
min:           0 ms
max:           0 ms
average:       0 ms (last 1000)


---------------------------------------
Time running:  00:00:36.621
Done in (~):   --:--:--.---
Requests sent: 0/1        (0 %) (planned 2)
TPS (SLS):     0.00/0     (0 %)
TPS (O):       0.00
Task pool q:   0
Outgoing Qs:   (100) M1(1:0), 
In analyz q:   0

*** Response codes ***
OK:            0          (0 %)
Failed:        0          (0 %)
Exception:     0          (0 %)
Timeout:       0          (0 %)
Other:         0          (0 %)
None:          0          (0 %)

*** Response times (SLS) ***
min:           0 ms
max:           0 ms
average:       0 ms (last 1000)


---------------------------------------
Time running:  00:00:38.626
Done in (~):   --:--:--.---
Requests sent: 0/1        (0 %) (planned 2)
TPS (SLS):     0.00/0     (0 %)
TPS (O):       0.00
Task pool q:   0
Outgoing Qs:   (100) M1(1:0), 
In analyz q:   0

*** Response codes ***
OK:            0          (0 %)
Failed:        0          (0 %)
Exception:     0          (0 %)
Timeout:       0          (0 %)
Other:         0          (0 %)
None:          0          (0 %)

*** Response times (SLS) ***
min:           0 ms
max:           0 ms
average:       0 ms (last 1000)


---------------------------------------
Time running:  00:00:40.643
Done in (~):   --:--:--.---
Requests sent: 0/1        (0 %) (planned 2)
TPS (SLS):     0.00/0     (0 %)
TPS (O):       0.00
Task pool q:   0
Outgoing Qs:   (100) M1(1:0), 
In analyz q:   0

*** Response codes ***
OK:            0          (0 %)
Failed:        0          (0 %)
Exception:     0          (0 %)
Timeout:       0          (0 %)
Other:         0          (0 %)
None:          0          (0 %)

*** Response times (SLS) ***
min:           0 ms
max:           0 ms
average:       0 ms (last 1000)


---------------------------------------
Time running:  00:00:42.648
Done in (~):   --:--:--.---
Requests sent: 0/1        (0 %) (planned 2)
TPS (SLS):     0.00/0     (0 %)
TPS (O):       0.00
Task pool q:   0
Outgoing Qs:   (100) M1(1:0), 
In analyz q:   0

*** Response codes ***
OK:            0          (0 %)
Failed:        0          (0 %)
Exception:     0          (0 %)
Timeout:       0          (0 %)
Other:         0          (0 %)
None:          0          (0 %)

*** Response times (SLS) ***
min:           0 ms
max:           0 ms
average:       0 ms (last 1000)


---------------------------------------
Time running:  00:00:44.651
Done in (~):   --:--:--.---
Requests sent: 0/1        (0 %) (planned 2)
TPS (SLS):     0.00/0     (0 %)
TPS (O):       0.00
Task pool q:   0
Outgoing Qs:   (100) M1(1:0), 
In analyz q:   0

*** Response codes ***
OK:            0          (0 %)
Failed:        0          (0 %)
Exception:     0          (0 %)
Timeout:       0          (0 %)
Other:         0          (0 %)
None:          0          (0 %)

*** Response times (SLS) ***
min:           0 ms
max:           0 ms
average:       0 ms (last 1000)


---------------------------------------
Time running:  00:00:46.654
Done in (~):   --:--:--.---
Requests sent: 0/1        (0 %) (planned 2)
TPS (SLS):     0.00/0     (0 %)
TPS (O):       0.00
Task pool q:   0
Outgoing Qs:   (100) M1(1:0), 
In analyz q:   0

*** Response codes ***
OK:            0          (0 %)
Failed:        0          (0 %)
Exception:     0          (0 %)
Timeout:       0          (0 %)
Other:         0          (0 %)
None:          0          (0 %)

*** Response times (SLS) ***
min:           0 ms
max:           0 ms
average:       0 ms (last 1000)


---------------------------------------
Time running:  00:00:48.659
Done in (~):   --:--:--.---
Requests sent: 0/1        (0 %) (planned 2)
TPS (SLS):     0.00/0     (0 %)
TPS (O):       0.00
Task pool q:   0
Outgoing Qs:   (100) M1(1:0), 
In analyz q:   0

*** Response codes ***
OK:            0          (0 %)
Failed:        0          (0 %)
Exception:     0          (0 %)
Timeout:       0          (0 %)
Other:         0          (0 %)
None:          0          (0 %)

*** Response times (SLS) ***
min:           0 ms
max:           0 ms
average:       0 ms (last 1000)


---------------------------------------
Time running:  00:00:50.666
Done in (~):   --:--:--.---
Requests sent: 0/1        (0 %) (planned 2)
TPS (SLS):     0.00/0     (0 %)
TPS (O):       0.00
Task pool q:   0
Outgoing Qs:   (100) M1(1:0), 
In analyz q:   0

*** Response codes ***
OK:            0          (0 %)
Failed:        0          (0 %)
Exception:     0          (0 %)
Timeout:       0          (0 %)
Other:         0          (0 %)
None:          0          (0 %)

*** Response times (SLS) ***
min:           0 ms
max:           0 ms
average:       0 ms (last 1000)


---------------------------------------
Time running:  00:00:52.671
Done in (~):   --:--:--.---
Requests sent: 0/1        (0 %) (planned 2)
TPS (SLS):     0.00/0     (0 %)
TPS (O):       0.00
Task pool q:   0
Outgoing Qs:   (100) M1(1:0), 
In analyz q:   0

*** Response codes ***
OK:            0          (0 %)
Failed:        0          (0 %)
Exception:     0          (0 %)
Timeout:       0          (0 %)
Other:         0          (0 %)
None:          0          (0 %)

*** Response times (SLS) ***
min:           0 ms
max:           0 ms
average:       0 ms (last 1000)


---------------------------------------
Time running:  00:00:54.681
Done in (~):   --:--:--.---
Requests sent: 0/1        (0 %) (planned 2)
TPS (SLS):     0.00/0     (0 %)
TPS (O):       0.00
Task pool q:   0
Outgoing Qs:   (100) M1(1:0), 
In analyz q:   0

*** Response codes ***
OK:            0          (0 %)
Failed:        0          (0 %)
Exception:     0          (0 %)
Timeout:       0          (0 %)
Other:         0          (0 %)
None:          0          (0 %)

*** Response times (SLS) ***
min:           0 ms
max:           0 ms
average:       0 ms (last 1000)


---------------------------------------
Time running:  00:00:56.688
Done in (~):   --:--:--.---
Requests sent: 0/1        (0 %) (planned 2)
TPS (SLS):     0.00/0     (0 %)
TPS (O):       0.00
Task pool q:   0
Outgoing Qs:   (100) M1(1:0), 
In analyz q:   0

*** Response codes ***
OK:            0          (0 %)
Failed:        0          (0 %)
Exception:     0          (0 %)
Timeout:       0          (0 %)
Other:         0          (0 %)
None:          0          (0 %)

*** Response times (SLS) ***
min:           0 ms
max:           0 ms
average:       0 ms (last 1000)


---------------------------------------
Time running:  00:00:58.707
Done in (~):   --:--:--.---
Requests sent: 0/1        (0 %) (planned 2)
TPS (SLS):     0.00/0     (0 %)
TPS (O):       0.00
Task pool q:   0
Outgoing Qs:   (100) M1(1:0), 
In analyz q:   0

*** Response codes ***
OK:            0          (0 %)
Failed:        0          (0 %)
Exception:     0          (0 %)
Timeout:       0          (0 %)
Other:         0          (0 %)
None:          0          (0 %)

*** Response times (SLS) ***
min:           0 ms
max:           0 ms
average:       0 ms (last 1000)


---------------------------------------
Time running:  00:01:00.713
Done in (~):   --:--:--.---
Requests sent: 0/1        (0 %) (planned 2)
TPS (SLS):     0.00/0     (0 %)
TPS (O):       0.00
Task pool q:   0
Outgoing Qs:   (100) M1(1:0), 
In analyz q:   0

*** Response codes ***
OK:            0          (0 %)
Failed:        0          (0 %)
Exception:     0          (0 %)
Timeout:       0          (0 %)
Other:         0          (0 %)
None:          0          (0 %)

*** Response times (SLS) ***
min:           0 ms
max:           0 ms
average:       0 ms (last 1000)


---------------------------------------
Time running:  00:01:02.718
Done in (~):   --:--:--.---
Requests sent: 0/1        (0 %) (planned 2)
TPS (SLS):     0.00/0     (0 %)
TPS (O):       0.00
Task pool q:   0
Outgoing Qs:   (100) M1(1:0), 
In analyz q:   0

*** Response codes ***
OK:            0          (0 %)
Failed:        0          (0 %)
Exception:     0          (0 %)
Timeout:       0          (0 %)
Other:         0          (0 %)
None:          0          (0 %)

*** Response times (SLS) ***
min:           0 ms
max:           0 ms
average:       0 ms (last 1000)


---------------------------------------
Time running:  00:01:04.725
Done in (~):   --:--:--.---
Requests sent: 0/1        (0 %) (planned 2)
TPS (SLS):     0.00/0     (0 %)
TPS (O):       0.00
Task pool q:   0
Outgoing Qs:   (100) M1(1:0), 
In analyz q:   0

*** Response codes ***
OK:            0          (0 %)
Failed:        0          (0 %)
Exception:     0          (0 %)
Timeout:       0          (0 %)
Other:         0          (0 %)
None:          0          (0 %)

*** Response times (SLS) ***
min:           0 ms
max:           0 ms
average:       0 ms (last 1000)


---------------------------------------
Time running:  00:01:06.730
Done in (~):   --:--:--.---
Requests sent: 0/1        (0 %) (planned 2)
TPS (SLS):     0.00/0     (0 %)
TPS (O):       0.00
Task pool q:   0
Outgoing Qs:   (100) M1(1:0), 
In analyz q:   0

*** Response codes ***
OK:            0          (0 %)
Failed:        0          (0 %)
Exception:     0          (0 %)
Timeout:       0          (0 %)
Other:         0          (0 %)
None:          0          (0 %)

*** Response times (SLS) ***
min:           0 ms
max:           0 ms
average:       0 ms (last 1000)


---------------------------------------
Time running:  00:01:08.734
Done in (~):   --:--:--.---
Requests sent: 0/1        (0 %) (planned 2)
TPS (SLS):     0.00/0     (0 %)
TPS (O):       0.00
Task pool q:   0
Outgoing Qs:   (100) M1(1:0), 
In analyz q:   0

*** Response codes ***
OK:            0          (0 %)
Failed:        0          (0 %)
Exception:     0          (0 %)
Timeout:       0          (0 %)
Other:         0          (0 %)
None:          0          (0 %)

*** Response times (SLS) ***
min:           0 ms
max:           0 ms
average:       0 ms (last 1000)


---------------------------------------
Time running:  00:01:10.739
Done in (~):   --:--:--.---
Requests sent: 0/1        (0 %) (planned 2)
TPS (SLS):     0.00/0     (0 %)
TPS (O):       0.00
Task pool q:   0
Outgoing Qs:   (100) M1(1:0), 
In analyz q:   0

*** Response codes ***
OK:            0          (0 %)
Failed:        0          (0 %)
Exception:     0          (0 %)
Timeout:       0          (0 %)
Other:         0          (0 %)
None:          0          (0 %)

*** Response times (SLS) ***
min:           0 ms
max:           0 ms
average:       0 ms (last 1000)


---------------------------------------
Time running:  00:01:12.745
Done in (~):   --:--:--.---
Requests sent: 0/1        (0 %) (planned 2)
TPS (SLS):     0.00/0     (0 %)
TPS (O):       0.00
Task pool q:   0
Outgoing Qs:   (100) M1(1:0), 
In analyz q:   0

*** Response codes ***
OK:            0          (0 %)
Failed:        0          (0 %)
Exception:     0          (0 %)
Timeout:       0          (0 %)
Other:         0          (0 %)
None:          0          (0 %)

*** Response times (SLS) ***
min:           0 ms
max:           0 ms
average:       0 ms (last 1000)


---------------------------------------
Time running:  00:01:14.753
Done in (~):   --:--:--.---
Requests sent: 0/1        (0 %) (planned 2)
TPS (SLS):     0.00/0     (0 %)
TPS (O):       0.00
Task pool q:   0
Outgoing Qs:   (100) M1(1:0), 
In analyz q:   0

*** Response codes ***
OK:            0          (0 %)
Failed:        0          (0 %)
Exception:     0          (0 %)
Timeout:       0          (0 %)
Other:         0          (0 %)
None:          0          (0 %)

*** Response times (SLS) ***
min:           0 ms
max:           0 ms
average:       0 ms (last 1000)


---------------------------------------
Time running:  00:01:16.759
Done in (~):   --:--:--.---
Requests sent: 0/1        (0 %) (planned 2)
TPS (SLS):     0.00/0     (0 %)
TPS (O):       0.00
Task pool q:   0
Outgoing Qs:   (100) M1(1:0), 
In analyz q:   0

*** Response codes ***
OK:            0          (0 %)
Failed:        0          (0 %)
Exception:     0          (0 %)
Timeout:       0          (0 %)
Other:         0          (0 %)
None:          0          (0 %)

*** Response times (SLS) ***
min:           0 ms
max:           0 ms
average:       0 ms (last 1000)


---------------------------------------
Time running:  00:01:18.765
Done in (~):   --:--:--.---
Requests sent: 0/1        (0 %) (planned 2)
TPS (SLS):     0.00/0     (0 %)
TPS (O):       0.00
Task pool q:   0
Outgoing Qs:   (100) M1(1:0), 
In analyz q:   0

*** Response codes ***
OK:            0          (0 %)
Failed:        0          (0 %)
Exception:     0          (0 %)
Timeout:       0          (0 %)
Other:         0          (0 %)
None:          0          (0 %)

*** Response times (SLS) ***
min:           0 ms
max:           0 ms
average:       0 ms (last 1000)


---------------------------------------
Time running:  00:01:20.770
Done in (~):   --:--:--.---
Requests sent: 0/1        (0 %) (planned 2)
TPS (SLS):     0.00/0     (0 %)
TPS (O):       0.00
Task pool q:   0
Outgoing Qs:   (100) M1(1:0), 
In analyz q:   0

*** Response codes ***
OK:            0          (0 %)
Failed:        0          (0 %)
Exception:     0          (0 %)
Timeout:       0          (0 %)
Other:         0          (0 %)
None:          0          (0 %)

*** Response times (SLS) ***
min:           0 ms
max:           0 ms
average:       0 ms (last 1000)


---------------------------------------
Time running:  00:01:22.776
Done in (~):   --:--:--.---
Requests sent: 0/1        (0 %) (planned 2)
TPS (SLS):     0.00/0     (0 %)
TPS (O):       0.00
Task pool q:   0
Outgoing Qs:   (100) M1(1:0), 
In analyz q:   0

*** Response codes ***
OK:            0          (0 %)
Failed:        0          (0 %)
Exception:     0          (0 %)
Timeout:       0          (0 %)
Other:         0          (0 %)
None:          0          (0 %)

*** Response times (SLS) ***
min:           0 ms
max:           0 ms
average:       0 ms (last 1000)


---------------------------------------
Time running:  00:01:24.780
Done in (~):   --:--:--.---
Requests sent: 0/1        (0 %) (planned 2)
TPS (SLS):     0.00/0     (0 %)
TPS (O):       0.00
Task pool q:   0
Outgoing Qs:   (100) M1(1:0), 
In analyz q:   0

*** Response codes ***
OK:            0          (0 %)
Failed:        0          (0 %)
Exception:     0          (0 %)
Timeout:       0          (0 %)
Other:         0          (0 %)
None:          0          (0 %)

*** Response times (SLS) ***
min:           0 ms
max:           0 ms
average:       0 ms (last 1000)


---------------------------------------
Time running:  00:01:26.784
Done in (~):   --:--:--.---
Requests sent: 0/1        (0 %) (planned 2)
TPS (SLS):     0.00/0     (0 %)
TPS (O):       0.00
Task pool q:   0
Outgoing Qs:   (100) M1(1:0), 
In analyz q:   0

*** Response codes ***
OK:            0          (0 %)
Failed:        0          (0 %)
Exception:     0          (0 %)
Timeout:       0          (0 %)
Other:         0          (0 %)
None:          0          (0 %)

*** Response times (SLS) ***
min:           0 ms
max:           0 ms
average:       0 ms (last 1000)


---------------------------------------
Time running:  00:01:28.789
Done in (~):   --:--:--.---
Requests sent: 0/1        (0 %) (planned 2)
TPS (SLS):     0.00/0     (0 %)
TPS (O):       0.00
Task pool q:   0
Outgoing Qs:   (100) M1(1:0), 
In analyz q:   0

*** Response codes ***
OK:            0          (0 %)
Failed:        0          (0 %)
Exception:     0          (0 %)
Timeout:       0          (0 %)
Other:         0          (0 %)
None:          0          (0 %)

*** Response times (SLS) ***
min:           0 ms
max:           0 ms
average:       0 ms (last 1000)


---------------------------------------
Time running:  00:01:30.796
Done in (~):   --:--:--.---
Requests sent: 0/1        (0 %) (planned 2)
TPS (SLS):     0.00/0     (0 %)
TPS (O):       0.00
Task pool q:   0
Outgoing Qs:   (100) M1(1:0), 
In analyz q:   0

*** Response codes ***
OK:            0          (0 %)
Failed:        0          (0 %)
Exception:     0          (0 %)
Timeout:       0          (0 %)
Other:         0          (0 %)
None:          0          (0 %)

*** Response times (SLS) ***
min:           0 ms
max:           0 ms
average:       0 ms (last 1000)


---------------------------------------
Time running:  00:01:32.800
Done in (~):   --:--:--.---
Requests sent: 0/1        (0 %) (planned 2)
TPS (SLS):     0.00/0     (0 %)
TPS (O):       0.00
Task pool q:   0
Outgoing Qs:   (100) M1(1:0), 
In analyz q:   0

*** Response codes ***
OK:            0          (0 %)
Failed:        0          (0 %)
Exception:     0          (0 %)
Timeout:       0          (0 %)
Other:         0          (0 %)
None:          0          (0 %)

*** Response times (SLS) ***
min:           0 ms
max:           0 ms
average:       0 ms (last 1000)


---------------------------------------
Time running:  00:01:34.803
Done in (~):   --:--:--.---
Requests sent: 0/1        (0 %) (planned 2)
TPS (SLS):     0.00/0     (0 %)
TPS (O):       0.00
Task pool q:   0
Outgoing Qs:   (100) M1(1:0), 
In analyz q:   0

*** Response codes ***
OK:            0          (0 %)
Failed:        0          (0 %)
Exception:     0          (0 %)
Timeout:       0          (0 %)
Other:         0          (0 %)
None:          0          (0 %)

*** Response times (SLS) ***
min:           0 ms
max:           0 ms
average:       0 ms (last 1000)


---------------------------------------
Time running:  00:01:36.807
Done in (~):   --:--:--.---
Requests sent: 0/1        (0 %) (planned 2)
TPS (SLS):     0.00/0     (0 %)
TPS (O):       0.00
Task pool q:   0
Outgoing Qs:   (100) M1(1:0), 
In analyz q:   0

*** Response codes ***
OK:            0          (0 %)
Failed:        0          (0 %)
Exception:     0          (0 %)
Timeout:       0          (0 %)
Other:         0          (0 %)
None:          0          (0 %)

*** Response times (SLS) ***
min:           0 ms
max:           0 ms
average:       0 ms (last 1000)


---------------------------------------
Time running:  00:01:38.812
Done in (~):   --:--:--.---
Requests sent: 0/1        (0 %) (planned 2)
TPS (SLS):     0.00/0     (0 %)
TPS (O):       0.00
Task pool q:   0
Outgoing Qs:   (100) M1(1:0), 
In analyz q:   0

*** Response codes ***
OK:            0          (0 %)
Failed:        0          (0 %)
Exception:     0          (0 %)
Timeout:       0          (0 %)
Other:         0          (0 %)
None:          0          (0 %)

*** Response times (SLS) ***
min:           0 ms
max:           0 ms
average:       0 ms (last 1000)


---------------------------------------
Time running:  00:01:40.825
Done in (~):   --:--:--.---
Requests sent: 0/1        (0 %) (planned 2)
TPS (SLS):     0.00/0     (0 %)
TPS (O):       0.00
Task pool q:   0
Outgoing Qs:   (100) M1(1:0), 
In analyz q:   0

*** Response codes ***
OK:            0          (0 %)
Failed:        0          (0 %)
Exception:     0          (0 %)
Timeout:       0          (0 %)
Other:         0          (0 %)
None:          0          (0 %)

*** Response times (SLS) ***
min:           0 ms
max:           0 ms
average:       0 ms (last 1000)


---------------------------------------
Time running:  00:01:42.844
Done in (~):   --:--:--.---
Requests sent: 0/1        (0 %) (planned 2)
TPS (SLS):     0.00/0     (0 %)
TPS (O):       0.00
Task pool q:   0
Outgoing Qs:   (100) M1(1:0), 
In analyz q:   0

*** Response codes ***
OK:            0          (0 %)
Failed:        0          (0 %)
Exception:     0          (0 %)
Timeout:       0          (0 %)
Other:         0          (0 %)
None:          0          (0 %)

*** Response times (SLS) ***
min:           0 ms
max:           0 ms
average:       0 ms (last 1000)


---------------------------------------
Time running:  00:01:44.851
Done in (~):   --:--:--.---
Requests sent: 0/1        (0 %) (planned 2)
TPS (SLS):     0.00/0     (0 %)
TPS (O):       0.00
Task pool q:   0
Outgoing Qs:   (100) M1(1:0), 
In analyz q:   0

*** Response codes ***
OK:            0          (0 %)
Failed:        0          (0 %)
Exception:     0          (0 %)
Timeout:       0          (0 %)
Other:         0          (0 %)
None:          0          (0 %)

*** Response times (SLS) ***
min:           0 ms
max:           0 ms
average:       0 ms (last 1000)


---------------------------------------
Time running:  00:01:46.856
Done in (~):   --:--:--.---
Requests sent: 0/1        (0 %) (planned 2)
TPS (SLS):     0.00/0     (0 %)
TPS (O):       0.00
Task pool q:   0
Outgoing Qs:   (100) M1(1:0), 
In analyz q:   0

*** Response codes ***
OK:            0          (0 %)
Failed:        0          (0 %)
Exception:     0          (0 %)
Timeout:       0          (0 %)
Other:         0          (0 %)
None:          0          (0 %)

*** Response times (SLS) ***
min:           0 ms
max:           0 ms
average:       0 ms (last 1000)


---------------------------------------
Time running:  00:01:48.862
Done in (~):   --:--:--.---
Requests sent: 0/1        (0 %) (planned 2)
TPS (SLS):     0.00/0     (0 %)
TPS (O):       0.00
Task pool q:   0
Outgoing Qs:   (100) M1(1:0), 
In analyz q:   0

*** Response codes ***
OK:            0          (0 %)
Failed:        0          (0 %)
Exception:     0          (0 %)
Timeout:       0          (0 %)
Other:         0          (0 %)
None:          0          (0 %)

*** Response times (SLS) ***
min:           0 ms
max:           0 ms
average:       0 ms (last 1000)


---------------------------------------
Time running:  00:01:50.873
Done in (~):   --:--:--.---
Requests sent: 0/1        (0 %) (planned 2)
TPS (SLS):     0.00/0     (0 %)
TPS (O):       0.00
Task pool q:   0
Outgoing Qs:   (100) M1(1:0), 
In analyz q:   0

*** Response codes ***
OK:            0          (0 %)
Failed:        0          (0 %)
Exception:     0          (0 %)
Timeout:       0          (0 %)
Other:         0          (0 %)
None:          0          (0 %)

*** Response times (SLS) ***
min:           0 ms
max:           0 ms
average:       0 ms (last 1000)


---------------------------------------
Time running:  00:01:52.876
Done in (~):   --:--:--.---
Requests sent: 0/1        (0 %) (planned 2)
TPS (SLS):     0.00/0     (0 %)
TPS (O):       0.00
Task pool q:   0
Outgoing Qs:   (100) M1(1:0), 
In analyz q:   0

*** Response codes ***
OK:            0          (0 %)
Failed:        0          (0 %)
Exception:     0          (0 %)
Timeout:       0          (0 %)
Other:         0          (0 %)
None:          0          (0 %)

*** Response times (SLS) ***
min:           0 ms
max:           0 ms
average:       0 ms (last 1000)


---------------------------------------
Time running:  00:01:54.878
Done in (~):   --:--:--.---
Requests sent: 0/1        (0 %) (planned 2)
TPS (SLS):     0.00/0     (0 %)
TPS (O):       0.00
Task pool q:   0
Outgoing Qs:   (100) M1(1:0), 
In analyz q:   0

*** Response codes ***
OK:            0          (0 %)
Failed:        0          (0 %)
Exception:     0          (0 %)
Timeout:       0          (0 %)
Other:         0          (0 %)
None:          0          (0 %)

*** Response times (SLS) ***
min:           0 ms
max:           0 ms
average:       0 ms (last 1000)


---------------------------------------
Time running:  00:01:56.883
Done in (~):   --:--:--.---
Requests sent: 0/1        (0 %) (planned 2)
TPS (SLS):     0.00/0     (0 %)
TPS (O):       0.00
Task pool q:   0
Outgoing Qs:   (100) M1(1:0), 
In analyz q:   0

*** Response codes ***
OK:            0          (0 %)
Failed:        0          (0 %)
Exception:     0          (0 %)
Timeout:       0          (0 %)
Other:         0          (0 %)
None:          0          (0 %)

*** Response times (SLS) ***
min:           0 ms
max:           0 ms
average:       0 ms (last 1000)


---------------------------------------
Time running:  00:01:58.893
Done in (~):   --:--:--.---
Requests sent: 0/1        (0 %) (planned 2)
TPS (SLS):     0.00/0     (0 %)
TPS (O):       0.00
Task pool q:   0
Outgoing Qs:   (100) M1(1:0), 
In analyz q:   0

*** Response codes ***
OK:            0          (0 %)
Failed:        0          (0 %)
Exception:     0          (0 %)
Timeout:       0          (0 %)
Other:         0          (0 %)
None:          0          (0 %)

*** Response times (SLS) ***
min:           0 ms
max:           0 ms
average:       0 ms (last 1000)


---------------------------------------
Time running:  00:02:00.898
Done in (~):   --:--:--.---
Requests sent: 0/1        (0 %) (planned 2)
TPS (SLS):     0.00/0     (0 %)
TPS (O):       0.00
Task pool q:   0
Outgoing Qs:   (100) M1(1:0), 
In analyz q:   0

*** Response codes ***
OK:            0          (0 %)
Failed:        0          (0 %)
Exception:     0          (0 %)
Timeout:       0          (0 %)
Other:         0          (0 %)
None:          0          (0 %)

*** Response times (SLS) ***
min:           0 ms
max:           0 ms
average:       0 ms (last 1000)


---------------------------------------
Time running:  00:02:02.903
Done in (~):   --:--:--.---
Requests sent: 0/1        (0 %) (planned 2)
TPS (SLS):     0.00/0     (0 %)
TPS (O):       0.00
Task pool q:   0
Outgoing Qs:   (100) M1(1:0), 
In analyz q:   0

*** Response codes ***
OK:            0          (0 %)
Failed:        0          (0 %)
Exception:     0          (0 %)
Timeout:       0          (0 %)
Other:         0          (0 %)
None:          0          (0 %)

*** Response times (SLS) ***
min:           0 ms
max:           0 ms
average:       0 ms (last 1000)


---------------------------------------
Time running:  00:02:04.909
Done in (~):   --:--:--.---
Requests sent: 0/1        (0 %) (planned 2)
TPS (SLS):     0.00/0     (0 %)
TPS (O):       0.00
Task pool q:   0
Outgoing Qs:   (100) M1(1:0), 
In analyz q:   0

*** Response codes ***
OK:            0          (0 %)
Failed:        0          (0 %)
Exception:     0          (0 %)
Timeout:       0          (0 %)
Other:         0          (0 %)
None:          0          (0 %)

*** Response times (SLS) ***
min:           0 ms
max:           0 ms
average:       0 ms (last 1000)


---------------------------------------
Time running:  00:02:06.922
Done in (~):   --:--:--.---
Requests sent: 0/1        (0 %) (planned 2)
TPS (SLS):     0.00/0     (0 %)
TPS (O):       0.00
Task pool q:   0
Outgoing Qs:   (100) M1(1:0), 
In analyz q:   0

*** Response codes ***
OK:            0          (0 %)
Failed:        0          (0 %)
Exception:     0          (0 %)
Timeout:       0          (0 %)
Other:         0          (0 %)
None:          0          (0 %)

*** Response times (SLS) ***
min:           0 ms
max:           0 ms
average:       0 ms (last 1000)


---------------------------------------
Time running:  00:02:08.925
Done in (~):   --:--:--.---
Requests sent: 0/1        (0 %) (planned 2)
TPS (SLS):     0.00/0     (0 %)
TPS (O):       0.00
Task pool q:   0
Outgoing Qs:   (100) M1(1:0), 
In analyz q:   0

*** Response codes ***
OK:            0          (0 %)
Failed:        0          (0 %)
Exception:     0          (0 %)
Timeout:       0          (0 %)
Other:         0          (0 %)
None:          0          (0 %)

*** Response times (SLS) ***
min:           0 ms
max:           0 ms
average:       0 ms (last 1000)


---------------------------------------
Time running:  00:02:10.928
Done in (~):   --:--:--.---
Requests sent: 0/1        (0 %) (planned 2)
TPS (SLS):     0.00/0     (0 %)
TPS (O):       0.00
Task pool q:   0
Outgoing Qs:   (100) M1(1:0), 
In analyz q:   0

*** Response codes ***
OK:            0          (0 %)
Failed:        0          (0 %)
Exception:     0          (0 %)
Timeout:       0          (0 %)
Other:         0          (0 %)
None:          0          (0 %)

*** Response times (SLS) ***
min:           0 ms
max:           0 ms
average:       0 ms (last 1000)

