
---------------------------------------
Time running:  00:00:00.18
Done in (~):   --:--:--.---
Requests sent: 0/0        (0 %) (planned 0)
TPS (SLS):     0.00/0     (0 %)
TPS (O):       0.00
Task pool q:   0
Outgoing Qs:   
In analyz q:   0

*** Response codes ***
OK:            0          (0 %)
Failed:        0          (0 %)
Exception:     0          (0 %)
Timeout:       0          (0 %)
Other:         0          (0 %)
None:          0          (0 %)

*** Response times (SLS) ***
min:           0 ms
max:           0 ms
average:       0 ms (last 1000)


---------------------------------------
Time running:  00:00:02.40
Done in (~):   --:--:--.---
Requests sent: 0/1        (0 %) (planned 4)
TPS (SLS):     0.00/0     (0 %)
TPS (O):       0.00
Task pool q:   0
Outgoing Qs:   (100) M1(1:0), 
In analyz q:   0

*** Response codes ***
OK:            0          (0 %)
Failed:        0          (0 %)
Exception:     0          (0 %)
Timeout:       0          (0 %)
Other:         0          (0 %)
None:          0          (0 %)

*** Response times (SLS) ***
min:           0 ms
max:           0 ms
average:       0 ms (last 1000)


---------------------------------------
Time running:  00:00:04.59
Done in (~):   --:--:--.---
Requests sent: 0/1        (0 %) (planned 4)
TPS (SLS):     0.00/0     (0 %)
TPS (O):       0.00
Task pool q:   0
Outgoing Qs:   (100) M1(1:0), 
In analyz q:   0

*** Response codes ***
OK:            0          (0 %)
Failed:        0          (0 %)
Exception:     0          (0 %)
Timeout:       0          (0 %)
Other:         0          (0 %)
None:          0          (0 %)

*** Response times (SLS) ***
min:           0 ms
max:           0 ms
average:       0 ms (last 1000)


---------------------------------------
Time running:  00:00:06.64
Done in (~):   --:--:--.---
Requests sent: 0/1        (0 %) (planned 4)
TPS (SLS):     0.00/0     (0 %)
TPS (O):       0.00
Task pool q:   0
Outgoing Qs:   (100) M1(1:0), 
In analyz q:   0

*** Response codes ***
OK:            0          (0 %)
Failed:        0          (0 %)
Exception:     0          (0 %)
Timeout:       0          (0 %)
Other:         0          (0 %)
None:          0          (0 %)

*** Response times (SLS) ***
min:           0 ms
max:           0 ms
average:       0 ms (last 1000)


---------------------------------------
Time running:  00:00:08.72
Done in (~):   --:--:--.---
Requests sent: 0/1        (0 %) (planned 4)
TPS (SLS):     0.00/0     (0 %)
TPS (O):       0.00
Task pool q:   0
Outgoing Qs:   (100) M1(1:0), 
In analyz q:   0

*** Response codes ***
OK:            0          (0 %)
Failed:        0          (0 %)
Exception:     0          (0 %)
Timeout:       0          (0 %)
Other:         0          (0 %)
None:          0          (0 %)

*** Response times (SLS) ***
min:           0 ms
max:           0 ms
average:       0 ms (last 1000)


---------------------------------------
Time running:  00:00:10.79
Done in (~):   --:--:--.---
Requests sent: 0/1        (0 %) (planned 4)
TPS (SLS):     0.00/0     (0 %)
TPS (O):       0.00
Task pool q:   0
Outgoing Qs:   (100) M1(1:0), 
In analyz q:   0

*** Response codes ***
OK:            0          (0 %)
Failed:        0          (0 %)
Exception:     0          (0 %)
Timeout:       0          (0 %)
Other:         0          (0 %)
None:          0          (0 %)

*** Response times (SLS) ***
min:           0 ms
max:           0 ms
average:       0 ms (last 1000)


---------------------------------------
Time running:  00:00:12.82
Done in (~):   --:--:--.---
Requests sent: 0/1        (0 %) (planned 4)
TPS (SLS):     0.00/0     (0 %)
TPS (O):       0.00
Task pool q:   0
Outgoing Qs:   (100) M1(1:0), 
In analyz q:   0

*** Response codes ***
OK:            0          (0 %)
Failed:        0          (0 %)
Exception:     0          (0 %)
Timeout:       0          (0 %)
Other:         0          (0 %)
None:          0          (0 %)

*** Response times (SLS) ***
min:           0 ms
max:           0 ms
average:       0 ms (last 1000)


---------------------------------------
Time running:  00:00:14.85
Done in (~):   --:--:--.---
Requests sent: 0/1        (0 %) (planned 4)
TPS (SLS):     0.00/0     (0 %)
TPS (O):       0.00
Task pool q:   0
Outgoing Qs:   (100) M1(1:0), 
In analyz q:   0

*** Response codes ***
OK:            0          (0 %)
Failed:        0          (0 %)
Exception:     0          (0 %)
Timeout:       0          (0 %)
Other:         0          (0 %)
None:          0          (0 %)

*** Response times (SLS) ***
min:           0 ms
max:           0 ms
average:       0 ms (last 1000)


---------------------------------------
Time running:  00:00:16.88
Done in (~):   --:--:--.---
Requests sent: 0/1        (0 %) (planned 4)
TPS (SLS):     0.00/0     (0 %)
TPS (O):       0.00
Task pool q:   0
Outgoing Qs:   (100) M1(1:0), 
In analyz q:   0

*** Response codes ***
OK:            0          (0 %)
Failed:        0          (0 %)
Exception:     0          (0 %)
Timeout:       0          (0 %)
Other:         0          (0 %)
None:          0          (0 %)

*** Response times (SLS) ***
min:           0 ms
max:           0 ms
average:       0 ms (last 1000)


---------------------------------------
Time running:  00:00:18.94
Done in (~):   --:--:--.---
Requests sent: 0/1        (0 %) (planned 4)
TPS (SLS):     0.00/0     (0 %)
TPS (O):       0.00
Task pool q:   0
Outgoing Qs:   (100) M1(1:0), 
In analyz q:   0

*** Response codes ***
OK:            0          (0 %)
Failed:        0          (0 %)
Exception:     0          (0 %)
Timeout:       0          (0 %)
Other:         0          (0 %)
None:          0          (0 %)

*** Response times (SLS) ***
min:           0 ms
max:           0 ms
average:       0 ms (last 1000)


---------------------------------------
Time running:  00:00:20.99
Done in (~):   --:--:--.---
Requests sent: 0/1        (0 %) (planned 4)
TPS (SLS):     0.00/0     (0 %)
TPS (O):       0.00
Task pool q:   0
Outgoing Qs:   (100) M1(1:0), 
In analyz q:   0

*** Response codes ***
OK:            0          (0 %)
Failed:        0          (0 %)
Exception:     0          (0 %)
Timeout:       0          (0 %)
Other:         0          (0 %)
None:          0          (0 %)

*** Response times (SLS) ***
min:           0 ms
max:           0 ms
average:       0 ms (last 1000)


---------------------------------------
Time running:  00:00:22.102
Done in (~):   --:--:--.---
Requests sent: 0/1        (0 %) (planned 4)
TPS (SLS):     0.00/0     (0 %)
TPS (O):       0.00
Task pool q:   0
Outgoing Qs:   (100) M1(1:0), 
In analyz q:   0

*** Response codes ***
OK:            0          (0 %)
Failed:        0          (0 %)
Exception:     0          (0 %)
Timeout:       0          (0 %)
Other:         0          (0 %)
None:          0          (0 %)

*** Response times (SLS) ***
min:           0 ms
max:           0 ms
average:       0 ms (last 1000)


---------------------------------------
Time running:  00:00:24.110
Done in (~):   --:--:--.---
Requests sent: 0/1        (0 %) (planned 4)
TPS (SLS):     0.00/0     (0 %)
TPS (O):       0.00
Task pool q:   0
Outgoing Qs:   (100) M1(1:0), 
In analyz q:   0

*** Response codes ***
OK:            0          (0 %)
Failed:        0          (0 %)
Exception:     0          (0 %)
Timeout:       0          (0 %)
Other:         0          (0 %)
None:          0          (0 %)

*** Response times (SLS) ***
min:           0 ms
max:           0 ms
average:       0 ms (last 1000)


---------------------------------------
Time running:  00:00:26.113
Done in (~):   --:--:--.---
Requests sent: 0/1        (0 %) (planned 4)
TPS (SLS):     0.00/0     (0 %)
TPS (O):       0.00
Task pool q:   0
Outgoing Qs:   (100) M1(1:0), 
In analyz q:   0

*** Response codes ***
OK:            0          (0 %)
Failed:        0          (0 %)
Exception:     0          (0 %)
Timeout:       0          (0 %)
Other:         0          (0 %)
None:          0          (0 %)

*** Response times (SLS) ***
min:           0 ms
max:           0 ms
average:       0 ms (last 1000)


---------------------------------------
Time running:  00:00:28.118
Done in (~):   --:--:--.---
Requests sent: 0/1        (0 %) (planned 4)
TPS (SLS):     0.00/0     (0 %)
TPS (O):       0.00
Task pool q:   0
Outgoing Qs:   (100) M1(1:0), 
In analyz q:   0

*** Response codes ***
OK:            0          (0 %)
Failed:        0          (0 %)
Exception:     0          (0 %)
Timeout:       0          (0 %)
Other:         0          (0 %)
None:          0          (0 %)

*** Response times (SLS) ***
min:           0 ms
max:           0 ms
average:       0 ms (last 1000)


---------------------------------------
Time running:  00:00:30.121
Done in (~):   --:--:--.---
Requests sent: 0/1        (0 %) (planned 4)
TPS (SLS):     0.00/0     (0 %)
TPS (O):       0.00
Task pool q:   0
Outgoing Qs:   (100) M1(1:0), 
In analyz q:   0

*** Response codes ***
OK:            0          (0 %)
Failed:        0          (0 %)
Exception:     0          (0 %)
Timeout:       0          (0 %)
Other:         0          (0 %)
None:          0          (0 %)

*** Response times (SLS) ***
min:           0 ms
max:           0 ms
average:       0 ms (last 1000)


---------------------------------------
Time running:  00:00:32.128
Done in (~):   --:--:--.---
Requests sent: 0/1        (0 %) (planned 4)
TPS (SLS):     0.00/0     (0 %)
TPS (O):       0.00
Task pool q:   0
Outgoing Qs:   (100) M1(1:0), 
In analyz q:   0

*** Response codes ***
OK:            0          (0 %)
Failed:        0          (0 %)
Exception:     0          (0 %)
Timeout:       0          (0 %)
Other:         0          (0 %)
None:          0          (0 %)

*** Response times (SLS) ***
min:           0 ms
max:           0 ms
average:       0 ms (last 1000)


---------------------------------------
Time running:  00:00:34.135
Done in (~):   --:--:--.---
Requests sent: 0/1        (0 %) (planned 4)
TPS (SLS):     0.00/0     (0 %)
TPS (O):       0.00
Task pool q:   0
Outgoing Qs:   (100) M1(1:0), 
In analyz q:   0

*** Response codes ***
OK:            0          (0 %)
Failed:        0          (0 %)
Exception:     0          (0 %)
Timeout:       0          (0 %)
Other:         0          (0 %)
None:          0          (0 %)

*** Response times (SLS) ***
min:           0 ms
max:           0 ms
average:       0 ms (last 1000)


---------------------------------------
Time running:  00:00:36.146
Done in (~):   --:--:--.---
Requests sent: 0/1        (0 %) (planned 4)
TPS (SLS):     0.00/0     (0 %)
TPS (O):       0.00
Task pool q:   0
Outgoing Qs:   (100) M1(1:0), 
In analyz q:   0

*** Response codes ***
OK:            0          (0 %)
Failed:        0          (0 %)
Exception:     0          (0 %)
Timeout:       0          (0 %)
Other:         0          (0 %)
None:          0          (0 %)

*** Response times (SLS) ***
min:           0 ms
max:           0 ms
average:       0 ms (last 1000)


---------------------------------------
Time running:  00:00:38.151
Done in (~):   --:--:--.---
Requests sent: 0/1        (0 %) (planned 4)
TPS (SLS):     0.00/0     (0 %)
TPS (O):       0.00
Task pool q:   0
Outgoing Qs:   (100) M1(1:0), 
In analyz q:   0

*** Response codes ***
OK:            0          (0 %)
Failed:        0          (0 %)
Exception:     0          (0 %)
Timeout:       0          (0 %)
Other:         0          (0 %)
None:          0          (0 %)

*** Response times (SLS) ***
min:           0 ms
max:           0 ms
average:       0 ms (last 1000)


---------------------------------------
Time running:  00:00:40.160
Done in (~):   --:--:--.---
Requests sent: 0/1        (0 %) (planned 4)
TPS (SLS):     0.00/0     (0 %)
TPS (O):       0.00
Task pool q:   0
Outgoing Qs:   (100) M1(1:0), 
In analyz q:   0

*** Response codes ***
OK:            0          (0 %)
Failed:        0          (0 %)
Exception:     0          (0 %)
Timeout:       0          (0 %)
Other:         0          (0 %)
None:          0          (0 %)

*** Response times (SLS) ***
min:           0 ms
max:           0 ms
average:       0 ms (last 1000)


---------------------------------------
Time running:  00:00:42.163
Done in (~):   --:--:--.---
Requests sent: 0/1        (0 %) (planned 4)
TPS (SLS):     0.00/0     (0 %)
TPS (O):       0.00
Task pool q:   0
Outgoing Qs:   (100) M1(1:0), 
In analyz q:   0

*** Response codes ***
OK:            0          (0 %)
Failed:        0          (0 %)
Exception:     0          (0 %)
Timeout:       0          (0 %)
Other:         0          (0 %)
None:          0          (0 %)

*** Response times (SLS) ***
min:           0 ms
max:           0 ms
average:       0 ms (last 1000)


---------------------------------------
Time running:  00:00:44.167
Done in (~):   --:--:--.---
Requests sent: 0/1        (0 %) (planned 4)
TPS (SLS):     0.00/0     (0 %)
TPS (O):       0.00
Task pool q:   0
Outgoing Qs:   (100) M1(1:0), 
In analyz q:   0

*** Response codes ***
OK:            0          (0 %)
Failed:        0          (0 %)
Exception:     0          (0 %)
Timeout:       0          (0 %)
Other:         0          (0 %)
None:          0          (0 %)

*** Response times (SLS) ***
min:           0 ms
max:           0 ms
average:       0 ms (last 1000)


---------------------------------------
Time running:  00:00:46.170
Done in (~):   --:--:--.---
Requests sent: 0/1        (0 %) (planned 4)
TPS (SLS):     0.00/0     (0 %)
TPS (O):       0.00
Task pool q:   0
Outgoing Qs:   (100) M1(1:0), 
In analyz q:   0

*** Response codes ***
OK:            0          (0 %)
Failed:        0          (0 %)
Exception:     0          (0 %)
Timeout:       0          (0 %)
Other:         0          (0 %)
None:          0          (0 %)

*** Response times (SLS) ***
min:           0 ms
max:           0 ms
average:       0 ms (last 1000)


---------------------------------------
Time running:  00:00:48.176
Done in (~):   --:--:--.---
Requests sent: 0/1        (0 %) (planned 4)
TPS (SLS):     0.00/0     (0 %)
TPS (O):       0.00
Task pool q:   0
Outgoing Qs:   (100) M1(1:0), 
In analyz q:   0

*** Response codes ***
OK:            0          (0 %)
Failed:        0          (0 %)
Exception:     0          (0 %)
Timeout:       0          (0 %)
Other:         0          (0 %)
None:          0          (0 %)

*** Response times (SLS) ***
min:           0 ms
max:           0 ms
average:       0 ms (last 1000)


---------------------------------------
Time running:  00:00:50.182
Done in (~):   --:--:--.---
Requests sent: 0/1        (0 %) (planned 4)
TPS (SLS):     0.00/0     (0 %)
TPS (O):       0.00
Task pool q:   0
Outgoing Qs:   (100) M1(1:0), 
In analyz q:   0

*** Response codes ***
OK:            0          (0 %)
Failed:        0          (0 %)
Exception:     0          (0 %)
Timeout:       0          (0 %)
Other:         0          (0 %)
None:          0          (0 %)

*** Response times (SLS) ***
min:           0 ms
max:           0 ms
average:       0 ms (last 1000)


---------------------------------------
Time running:  00:00:52.188
Done in (~):   --:--:--.---
Requests sent: 0/1        (0 %) (planned 4)
TPS (SLS):     0.00/0     (0 %)
TPS (O):       0.00
Task pool q:   0
Outgoing Qs:   (100) M1(1:0), 
In analyz q:   0

*** Response codes ***
OK:            0          (0 %)
Failed:        0          (0 %)
Exception:     0          (0 %)
Timeout:       0          (0 %)
Other:         0          (0 %)
None:          0          (0 %)

*** Response times (SLS) ***
min:           0 ms
max:           0 ms
average:       0 ms (last 1000)


---------------------------------------
Time running:  00:00:54.201
Done in (~):   --:--:--.---
Requests sent: 0/1        (0 %) (planned 4)
TPS (SLS):     0.00/0     (0 %)
TPS (O):       0.00
Task pool q:   0
Outgoing Qs:   (100) M1(1:0), 
In analyz q:   0

*** Response codes ***
OK:            0          (0 %)
Failed:        0          (0 %)
Exception:     0          (0 %)
Timeout:       0          (0 %)
Other:         0          (0 %)
None:          0          (0 %)

*** Response times (SLS) ***
min:           0 ms
max:           0 ms
average:       0 ms (last 1000)


---------------------------------------
Time running:  00:00:56.208
Done in (~):   --:--:--.---
Requests sent: 0/1        (0 %) (planned 4)
TPS (SLS):     0.00/0     (0 %)
TPS (O):       0.00
Task pool q:   0
Outgoing Qs:   (100) M1(1:0), 
In analyz q:   0

*** Response codes ***
OK:            0          (0 %)
Failed:        0          (0 %)
Exception:     0          (0 %)
Timeout:       0          (0 %)
Other:         0          (0 %)
None:          0          (0 %)

*** Response times (SLS) ***
min:           0 ms
max:           0 ms
average:       0 ms (last 1000)


---------------------------------------
Time running:  00:00:58.213
Done in (~):   --:--:--.---
Requests sent: 0/1        (0 %) (planned 4)
TPS (SLS):     0.00/0     (0 %)
TPS (O):       0.00
Task pool q:   0
Outgoing Qs:   (100) M1(1:0), 
In analyz q:   0

*** Response codes ***
OK:            0          (0 %)
Failed:        0          (0 %)
Exception:     0          (0 %)
Timeout:       0          (0 %)
Other:         0          (0 %)
None:          0          (0 %)

*** Response times (SLS) ***
min:           0 ms
max:           0 ms
average:       0 ms (last 1000)


---------------------------------------
Time running:  00:01:00.221
Done in (~):   --:--:--.---
Requests sent: 0/1        (0 %) (planned 4)
TPS (SLS):     0.00/0     (0 %)
TPS (O):       0.00
Task pool q:   0
Outgoing Qs:   (100) M1(1:0), 
In analyz q:   0

*** Response codes ***
OK:            0          (0 %)
Failed:        0          (0 %)
Exception:     0          (0 %)
Timeout:       0          (0 %)
Other:         0          (0 %)
None:          0          (0 %)

*** Response times (SLS) ***
min:           0 ms
max:           0 ms
average:       0 ms (last 1000)


---------------------------------------
Time running:  00:01:02.224
Done in (~):   --:--:--.---
Requests sent: 0/1        (0 %) (planned 4)
TPS (SLS):     0.00/0     (0 %)
TPS (O):       0.00
Task pool q:   0
Outgoing Qs:   (100) M1(1:0), 
In analyz q:   0

*** Response codes ***
OK:            0          (0 %)
Failed:        0          (0 %)
Exception:     0          (0 %)
Timeout:       0          (0 %)
Other:         0          (0 %)
None:          0          (0 %)

*** Response times (SLS) ***
min:           0 ms
max:           0 ms
average:       0 ms (last 1000)


---------------------------------------
Time running:  00:01:04.226
Done in (~):   --:--:--.---
Requests sent: 0/1        (0 %) (planned 4)
TPS (SLS):     0.00/0     (0 %)
TPS (O):       0.00
Task pool q:   0
Outgoing Qs:   (100) M1(1:0), 
In analyz q:   0

*** Response codes ***
OK:            0          (0 %)
Failed:        0          (0 %)
Exception:     0          (0 %)
Timeout:       0          (0 %)
Other:         0          (0 %)
None:          0          (0 %)

*** Response times (SLS) ***
min:           0 ms
max:           0 ms
average:       0 ms (last 1000)


---------------------------------------
Time running:  00:01:06.232
Done in (~):   --:--:--.---
Requests sent: 0/1        (0 %) (planned 4)
TPS (SLS):     0.00/0     (0 %)
TPS (O):       0.00
Task pool q:   0
Outgoing Qs:   (100) M1(1:0), 
In analyz q:   0

*** Response codes ***
OK:            0          (0 %)
Failed:        0          (0 %)
Exception:     0          (0 %)
Timeout:       0          (0 %)
Other:         0          (0 %)
None:          0          (0 %)

*** Response times (SLS) ***
min:           0 ms
max:           0 ms
average:       0 ms (last 1000)


---------------------------------------
Time running:  00:01:08.238
Done in (~):   --:--:--.---
Requests sent: 0/1        (0 %) (planned 4)
TPS (SLS):     0.00/0     (0 %)
TPS (O):       0.00
Task pool q:   0
Outgoing Qs:   (100) M1(1:0), 
In analyz q:   0

*** Response codes ***
OK:            0          (0 %)
Failed:        0          (0 %)
Exception:     0          (0 %)
Timeout:       0          (0 %)
Other:         0          (0 %)
None:          0          (0 %)

*** Response times (SLS) ***
min:           0 ms
max:           0 ms
average:       0 ms (last 1000)


---------------------------------------
Time running:  00:01:10.240
Done in (~):   --:--:--.---
Requests sent: 0/1        (0 %) (planned 4)
TPS (SLS):     0.00/0     (0 %)
TPS (O):       0.00
Task pool q:   0
Outgoing Qs:   (100) M1(1:0), 
In analyz q:   0

*** Response codes ***
OK:            0          (0 %)
Failed:        0          (0 %)
Exception:     0          (0 %)
Timeout:       0          (0 %)
Other:         0          (0 %)
None:          0          (0 %)

*** Response times (SLS) ***
min:           0 ms
max:           0 ms
average:       0 ms (last 1000)

